[0.030s] Invoking command in '/home/luo/rdog/ros2con_rl/build/reddog_description': CMAKE_PREFIX_PATH=${CMAKE_PREFIX_PATH}:/opt/ros/humble /usr/bin/cmake /home/luo/rdog/ros2con_rl/src/reddog_description -DCMAKE_INSTALL_PREFIX=/home/luo/rdog/ros2con_rl/install/reddog_description
[0.086s] -- The C compiler identification is GNU 11.4.0
[0.154s] -- The CXX compiler identification is GNU 11.4.0
[0.159s] -- Detecting C compiler ABI info
[0.246s] -- Detecting C compiler ABI info - done
[0.251s] -- Check for working C compiler: /usr/bin/cc - skipped
[0.251s] -- Detecting C compile features
[0.251s] -- Detecting C compile features - done
[0.254s] -- Detecting CXX compiler ABI info
[0.336s] -- Detecting CXX compiler ABI info - done
[0.341s] -- Check for working CXX compiler: /usr/bin/c++ - skipped
[0.342s] -- Detecting CXX compile features
[0.342s] -- Detecting CXX compile features - done
[0.343s] -- Found ament_cmake: 1.3.11 (/opt/ros/humble/share/ament_cmake/cmake)
[0.463s] -- Found Python3: /usr/bin/python3 (found version "3.10.12") found components: Interpreter 
[0.576s] -- Configuring done
[0.578s] -- Generating done
[0.580s] -- Build files have been written to: /home/luo/rdog/ros2con_rl/build/reddog_description
[0.589s] Invoked command in '/home/luo/rdog/ros2con_rl/build/reddog_description' returned '0': CMAKE_PREFIX_PATH=${CMAKE_PREFIX_PATH}:/opt/ros/humble /usr/bin/cmake /home/luo/rdog/ros2con_rl/src/reddog_description -DCMAKE_INSTALL_PREFIX=/home/luo/rdog/ros2con_rl/install/reddog_description
[0.589s] Invoking command in '/home/luo/rdog/ros2con_rl/build/reddog_description': CMAKE_PREFIX_PATH=${CMAKE_PREFIX_PATH}:/opt/ros/humble /usr/bin/cmake --build /home/luo/rdog/ros2con_rl/build/reddog_description -- -j8 -l8
[0.651s] Invoked command in '/home/luo/rdog/ros2con_rl/build/reddog_description' returned '0': CMAKE_PREFIX_PATH=${CMAKE_PREFIX_PATH}:/opt/ros/humble /usr/bin/cmake --build /home/luo/rdog/ros2con_rl/build/reddog_description -- -j8 -l8
[0.661s] Invoking command in '/home/luo/rdog/ros2con_rl/build/reddog_description': CMAKE_PREFIX_PATH=${CMAKE_PREFIX_PATH}:/opt/ros/humble /usr/bin/cmake --install /home/luo/rdog/ros2con_rl/build/reddog_description
[0.669s] -- Install configuration: ""
[0.669s] -- Installing: /home/luo/rdog/ros2con_rl/install/reddog_description/share/reddog_description//meshes
[0.670s] -- Installing: /home/luo/rdog/ros2con_rl/install/reddog_description/share/reddog_description//meshes/RL_foot.STL
[0.670s] -- Installing: /home/luo/rdog/ros2con_rl/install/reddog_description/share/reddog_description//meshes/RL_calf.STL
[0.671s] -- Installing: /home/luo/rdog/ros2con_rl/install/reddog_description/share/reddog_description//meshes/RR_thigh.STL
[0.677s] -- Installing: /home/luo/rdog/ros2con_rl/install/reddog_description/share/reddog_description//meshes/RR_hip.STL
[0.684s] -- Installing: /home/luo/rdog/ros2con_rl/install/reddog_description/share/reddog_description//meshes/FL_thigh.STL
[0.690s] -- Installing: /home/luo/rdog/ros2con_rl/install/reddog_description/share/reddog_description//meshes/FR_calf.STL
[0.691s] -- Installing: /home/luo/rdog/ros2con_rl/install/reddog_description/share/reddog_description//meshes/FR_thigh.STL
[0.699s] -- Installing: /home/luo/rdog/ros2con_rl/install/reddog_description/share/reddog_description//meshes/FL_calf.STL
[0.700s] -- Installing: /home/luo/rdog/ros2con_rl/install/reddog_description/share/reddog_description//meshes/FL_foot.STL
[0.700s] -- Installing: /home/luo/rdog/ros2con_rl/install/reddog_description/share/reddog_description//meshes/RL_thigh.STL
[0.708s] -- Installing: /home/luo/rdog/ros2con_rl/install/reddog_description/share/reddog_description//meshes/RR_calf.STL
[0.708s] -- Installing: /home/luo/rdog/ros2con_rl/install/reddog_description/share/reddog_description//meshes/FL_hip.STL
[0.714s] -- Installing: /home/luo/rdog/ros2con_rl/install/reddog_description/share/reddog_description//meshes/RL_hip.STL
[0.721s] -- Installing: /home/luo/rdog/ros2con_rl/install/reddog_description/share/reddog_description//meshes/FR_hip.STL
[0.727s] -- Installing: /home/luo/rdog/ros2con_rl/install/reddog_description/share/reddog_description//meshes/base.STL
[0.751s] -- Installing: /home/luo/rdog/ros2con_rl/install/reddog_description/share/reddog_description//meshes/RR_foot.STL
[0.751s] -- Installing: /home/luo/rdog/ros2con_rl/install/reddog_description/share/reddog_description//meshes/FR_foot.STL
[0.751s] -- Installing: /home/luo/rdog/ros2con_rl/install/reddog_description/share/reddog_description//xacro
[0.751s] -- Installing: /home/luo/rdog/ros2con_rl/install/reddog_description/share/reddog_description//xacro/robot.xacro
[0.752s] -- Installing: /home/luo/rdog/ros2con_rl/install/reddog_description/share/reddog_description//launch
[0.752s] -- Installing: /home/luo/rdog/ros2con_rl/install/reddog_description/share/reddog_description//launch/gazebo.launch
[0.753s] -- Installing: /home/luo/rdog/ros2con_rl/install/reddog_description/share/reddog_description//launch/display.launch
[0.753s] -- Installing: /home/luo/rdog/ros2con_rl/install/reddog_description/share/reddog_description//config
[0.753s] -- Installing: /home/luo/rdog/ros2con_rl/install/reddog_description/share/reddog_description//config/robot_control.yaml
[0.767s] -- Installing: /home/luo/rdog/ros2con_rl/install/reddog_description/share/reddog_description//config/legged_gym
[0.767s] -- Installing: /home/luo/rdog/ros2con_rl/install/reddog_description/share/reddog_description//config/legged_gym/reddog_him.yaml
[0.767s] -- Installing: /home/luo/rdog/ros2con_rl/install/reddog_description/share/reddog_description//config/legged_gym/policy_him2.pt
[0.767s] -- Installing: /home/luo/rdog/ros2con_rl/install/reddog_description/share/reddog_description//config/ocs2
[0.767s] -- Installing: /home/luo/rdog/ros2con_rl/install/reddog_description/share/reddog_description//config/ocs2/gait.info
[0.767s] -- Installing: /home/luo/rdog/ros2con_rl/install/reddog_description/share/reddog_description//config/ocs2/reference.info
[0.767s] -- Installing: /home/luo/rdog/ros2con_rl/install/reddog_description/share/reddog_description//config/ocs2/task.info
[0.767s] -- Installing: /home/luo/rdog/ros2con_rl/install/reddog_description/share/reddog_description//config/visualize_urdf.rviz
[0.768s] -- Installing: /home/luo/rdog/ros2con_rl/install/reddog_description/share/reddog_description//urdf
[0.768s] -- Installing: /home/luo/rdog/ros2con_rl/install/reddog_description/share/reddog_description//urdf/reddog_20250221.csv
[0.768s] -- Installing: /home/luo/rdog/ros2con_rl/install/reddog_description/share/reddog_description//urdf/robot.urdf
[0.768s] -- Installing: /home/luo/rdog/ros2con_rl/install/reddog_description/share/ament_index/resource_index/package_run_dependencies/reddog_description
[0.773s] -- Installing: /home/luo/rdog/ros2con_rl/install/reddog_description/share/ament_index/resource_index/parent_prefix_path/reddog_description
[0.773s] -- Installing: /home/luo/rdog/ros2con_rl/install/reddog_description/share/reddog_description/environment/ament_prefix_path.sh
[0.773s] -- Installing: /home/luo/rdog/ros2con_rl/install/reddog_description/share/reddog_description/environment/ament_prefix_path.dsv
[0.773s] -- Installing: /home/luo/rdog/ros2con_rl/install/reddog_description/share/reddog_description/environment/path.sh
[0.773s] -- Installing: /home/luo/rdog/ros2con_rl/install/reddog_description/share/reddog_description/environment/path.dsv
[0.773s] -- Installing: /home/luo/rdog/ros2con_rl/install/reddog_description/share/reddog_description/local_setup.bash
[0.773s] -- Installing: /home/luo/rdog/ros2con_rl/install/reddog_description/share/reddog_description/local_setup.sh
[0.773s] -- Installing: /home/luo/rdog/ros2con_rl/install/reddog_description/share/reddog_description/local_setup.zsh
[0.773s] -- Installing: /home/luo/rdog/ros2con_rl/install/reddog_description/share/reddog_description/local_setup.dsv
[0.773s] -- Installing: /home/luo/rdog/ros2con_rl/install/reddog_description/share/reddog_description/package.dsv
[0.787s] -- Installing: /home/luo/rdog/ros2con_rl/install/reddog_description/share/ament_index/resource_index/packages/reddog_description
[0.788s] -- Installing: /home/luo/rdog/ros2con_rl/install/reddog_description/share/reddog_description/cmake/reddog_descriptionConfig.cmake
[0.789s] -- Installing: /home/luo/rdog/ros2con_rl/install/reddog_description/share/reddog_description/cmake/reddog_descriptionConfig-version.cmake
[0.789s] -- Installing: /home/luo/rdog/ros2con_rl/install/reddog_description/share/reddog_description/package.xml
[0.792s] Invoked command in '/home/luo/rdog/ros2con_rl/build/reddog_description' returned '0': CMAKE_PREFIX_PATH=${CMAKE_PREFIX_PATH}:/opt/ros/humble /usr/bin/cmake --install /home/luo/rdog/ros2con_rl/build/reddog_description
