[0.042s] Invoking command in '/home/luo/rdog/ros2con_rl/build/hardware_unitree_mujoco': CMAKE_PREFIX_PATH=${CMAKE_PREFIX_PATH}:/opt/ros/humble /usr/bin/cmake /home/luo/rdog/ros2con_rl/src/hardware_unitree_mujoco -DCMAKE_INSTALL_PREFIX=/home/luo/rdog/ros2con_rl/install/hardware_unitree_mujoco
[0.111s] -- The C compiler identification is GNU 11.4.0
[0.195s] -- The CXX compiler identification is GNU 11.4.0
[0.204s] -- Detecting C compiler ABI info
[0.318s] -- Detecting C compiler ABI info - done
[0.326s] -- Check for working C compiler: /usr/bin/cc - skipped
[0.326s] -- Detecting C compile features
[0.326s] -- Detecting C compile features - done
[0.329s] -- Detecting CXX compiler ABI info
[0.456s] -- Detecting CXX compiler ABI info - done
[0.477s] -- Check for working CXX compiler: /usr/bin/c++ - skipped
[0.477s] -- Detecting CXX compile features
[0.477s] -- Detecting CXX compile features - done
[0.477s] -- Found ament_cmake: 1.3.11 (/opt/ros/humble/share/ament_cmake/cmake)
[0.605s] -- Found Python3: /usr/bin/python3 (found version "3.10.12") found components: Interpreter 
[0.664s] -- Looking for pthread.h
[0.770s] -- Looking for pthread.h - found
[0.770s] -- Performing Test CMAKE_HAVE_LIBC_PTHREAD
[0.874s] -- Performing Test CMAKE_HAVE_LIBC_PTHREAD - Success
[0.874s] -- Found Threads: TRUE  
[0.876s] -- Found hardware_interface: 2.49.0 (/opt/ros/humble/share/hardware_interface/cmake)
[0.909s] -- Found rosidl_generator_c: 3.1.6 (/opt/ros/humble/share/rosidl_generator_c/cmake)
[0.912s] -- Found rosidl_adapter: 3.1.6 (/opt/ros/humble/share/rosidl_adapter/cmake)
[0.917s] -- Found rosidl_generator_cpp: 3.1.6 (/opt/ros/humble/share/rosidl_generator_cpp/cmake)
[0.931s] -- Using all available rosidl_typesupport_c: rosidl_typesupport_fastrtps_c;rosidl_typesupport_introspection_c
[0.944s] -- Using all available rosidl_typesupport_cpp: rosidl_typesupport_fastrtps_cpp;rosidl_typesupport_introspection_cpp
[1.098s] -- Found rmw_implementation_cmake: 6.1.2 (/opt/ros/humble/share/rmw_implementation_cmake/cmake)
[1.100s] -- Found rmw_fastrtps_cpp: 6.2.7 (/opt/ros/humble/share/rmw_fastrtps_cpp/cmake)
[1.116s] -- Found TinyXML2 via Config file: TinyXML2_DIR-NOTFOUND
[1.194s] -- Found OpenSSL: /usr/lib/x86_64-linux-gnu/libcrypto.so (found version "3.0.2")  
[1.196s] -- Found TinyXML2 via Config file: TinyXML2_DIR-NOTFOUND
[1.207s] -- Found FastRTPS: /opt/ros/humble/include  
[1.209s] -- Found TinyXML2 via Config file: TinyXML2_DIR-NOTFOUND
[1.217s] -- Found TinyXML2 via Config file: TinyXML2_DIR-NOTFOUND
[1.225s] -- Using RMW implementation 'rmw_fastrtps_cpp' as default
[1.267s] -- Found ament_lint_auto: 0.12.12 (/opt/ros/humble/share/ament_lint_auto/cmake)
[1.319s] -- Added test 'cppcheck' to perform static code analysis on C / C++ code
[1.319s] -- Configured cppcheck include dirs: $<BUILD_INTERFACE:/home/luo/rdog/ros2con_rl/src/hardware_unitree_mujoco/include>;/home/luo/rdog/ros2con_rl/src/hardware_unitree_mujoco/src
[1.319s] -- Configured cppcheck exclude dirs and/or files: 
[1.319s] -- Added test 'flake8' to check Python code syntax and style conventions
[1.320s] -- Added test 'lint_cmake' to check CMake code style
[1.320s] -- Added test 'pep257' to check Python code against some of the docstring style conventions in PEP 257
[1.321s] -- Added test 'uncrustify' to check C / C++ code style
[1.321s] -- Configured uncrustify additional arguments: 
[1.322s] -- Added test 'xmllint' to check XML markup files
[1.323s] -- Configuring done
[1.348s] -- Generating done
[1.358s] -- Build files have been written to: /home/luo/rdog/ros2con_rl/build/hardware_unitree_mujoco
[1.367s] Invoked command in '/home/luo/rdog/ros2con_rl/build/hardware_unitree_mujoco' returned '0': CMAKE_PREFIX_PATH=${CMAKE_PREFIX_PATH}:/opt/ros/humble /usr/bin/cmake /home/luo/rdog/ros2con_rl/src/hardware_unitree_mujoco -DCMAKE_INSTALL_PREFIX=/home/luo/rdog/ros2con_rl/install/hardware_unitree_mujoco
[1.370s] Invoking command in '/home/luo/rdog/ros2con_rl/build/hardware_unitree_mujoco': CMAKE_PREFIX_PATH=${CMAKE_PREFIX_PATH}:/opt/ros/humble /usr/bin/cmake --build /home/luo/rdog/ros2con_rl/build/hardware_unitree_mujoco -- -j8 -l8
[1.435s] [ 50%] [32mBuilding CXX object CMakeFiles/hardware_unitree_mujoco.dir/src/HardwareUnitree.cpp.o[0m
[5.670s] [100%] [32m[1mLinking CXX shared library libhardware_unitree_mujoco.so[0m
[6.128s] [100%] Built target hardware_unitree_mujoco
[6.146s] Invoked command in '/home/luo/rdog/ros2con_rl/build/hardware_unitree_mujoco' returned '0': CMAKE_PREFIX_PATH=${CMAKE_PREFIX_PATH}:/opt/ros/humble /usr/bin/cmake --build /home/luo/rdog/ros2con_rl/build/hardware_unitree_mujoco -- -j8 -l8
[6.149s] Invoking command in '/home/luo/rdog/ros2con_rl/build/hardware_unitree_mujoco': CMAKE_PREFIX_PATH=${CMAKE_PREFIX_PATH}:/opt/ros/humble /usr/bin/cmake --install /home/luo/rdog/ros2con_rl/build/hardware_unitree_mujoco
[6.157s] -- Install configuration: ""
[6.157s] -- Installing: /home/luo/rdog/ros2con_rl/install/hardware_unitree_mujoco/share/hardware_unitree_mujoco/HardwareUnitree.xml
[6.158s] -- Installing: /home/luo/rdog/ros2con_rl/install/hardware_unitree_mujoco/include/hardware_unitree_mujoco
[6.158s] -- Installing: /home/luo/rdog/ros2con_rl/install/hardware_unitree_mujoco/include/hardware_unitree_mujoco/hardware_unitree_mujoco
[6.158s] -- Installing: /home/luo/rdog/ros2con_rl/install/hardware_unitree_mujoco/include/hardware_unitree_mujoco/hardware_unitree_mujoco/HardwareUnitree.h
[6.158s] -- Installing: /home/luo/rdog/ros2con_rl/install/hardware_unitree_mujoco/lib/libhardware_unitree_mujoco.so
[6.165s] -- Set runtime path of "/home/luo/rdog/ros2con_rl/install/hardware_unitree_mujoco/lib/libhardware_unitree_mujoco.so" to ""
[6.165s] -- Installing: /home/luo/rdog/ros2con_rl/install/hardware_unitree_mujoco/share/hardware_unitree_mujoco/environment/library_path.sh
[6.165s] -- Installing: /home/luo/rdog/ros2con_rl/install/hardware_unitree_mujoco/share/hardware_unitree_mujoco/environment/library_path.dsv
[6.165s] -- Installing: /home/luo/rdog/ros2con_rl/install/hardware_unitree_mujoco/share/hardware_unitree_mujoco//launch
[6.165s] -- Installing: /home/luo/rdog/ros2con_rl/install/hardware_unitree_mujoco/share/hardware_unitree_mujoco//launch/visualize.launch.py
[6.166s] -- Installing: /home/luo/rdog/ros2con_rl/install/hardware_unitree_mujoco/share/ament_index/resource_index/package_run_dependencies/hardware_unitree_mujoco
[6.166s] -- Installing: /home/luo/rdog/ros2con_rl/install/hardware_unitree_mujoco/share/ament_index/resource_index/parent_prefix_path/hardware_unitree_mujoco
[6.166s] -- Installing: /home/luo/rdog/ros2con_rl/install/hardware_unitree_mujoco/share/hardware_unitree_mujoco/environment/ament_prefix_path.sh
[6.166s] -- Installing: /home/luo/rdog/ros2con_rl/install/hardware_unitree_mujoco/share/hardware_unitree_mujoco/environment/ament_prefix_path.dsv
[6.166s] -- Installing: /home/luo/rdog/ros2con_rl/install/hardware_unitree_mujoco/share/hardware_unitree_mujoco/environment/path.sh
[6.166s] -- Installing: /home/luo/rdog/ros2con_rl/install/hardware_unitree_mujoco/share/hardware_unitree_mujoco/environment/path.dsv
[6.166s] -- Installing: /home/luo/rdog/ros2con_rl/install/hardware_unitree_mujoco/share/hardware_unitree_mujoco/local_setup.bash
[6.167s] -- Installing: /home/luo/rdog/ros2con_rl/install/hardware_unitree_mujoco/share/hardware_unitree_mujoco/local_setup.sh
[6.167s] -- Installing: /home/luo/rdog/ros2con_rl/install/hardware_unitree_mujoco/share/hardware_unitree_mujoco/local_setup.zsh
[6.167s] -- Installing: /home/luo/rdog/ros2con_rl/install/hardware_unitree_mujoco/share/hardware_unitree_mujoco/local_setup.dsv
[6.167s] -- Installing: /home/luo/rdog/ros2con_rl/install/hardware_unitree_mujoco/share/hardware_unitree_mujoco/package.dsv
[6.167s] -- Installing: /home/luo/rdog/ros2con_rl/install/hardware_unitree_mujoco/share/ament_index/resource_index/packages/hardware_unitree_mujoco
[6.168s] -- Installing: /home/luo/rdog/ros2con_rl/install/hardware_unitree_mujoco/share/ament_index/resource_index/hardware_interface__pluginlib__plugin/hardware_unitree_mujoco
[6.168s] -- Installing: /home/luo/rdog/ros2con_rl/install/hardware_unitree_mujoco/share/hardware_unitree_mujoco/cmake/export_hardware_unitree_mujocoExport.cmake
[6.168s] -- Installing: /home/luo/rdog/ros2con_rl/install/hardware_unitree_mujoco/share/hardware_unitree_mujoco/cmake/export_hardware_unitree_mujocoExport-noconfig.cmake
[6.168s] -- Installing: /home/luo/rdog/ros2con_rl/install/hardware_unitree_mujoco/share/hardware_unitree_mujoco/cmake/ament_cmake_export_targets-extras.cmake
[6.168s] -- Installing: /home/luo/rdog/ros2con_rl/install/hardware_unitree_mujoco/share/hardware_unitree_mujoco/cmake/hardware_unitree_mujocoConfig.cmake
[6.169s] -- Installing: /home/luo/rdog/ros2con_rl/install/hardware_unitree_mujoco/share/hardware_unitree_mujoco/cmake/hardware_unitree_mujocoConfig-version.cmake
[6.169s] -- Installing: /home/luo/rdog/ros2con_rl/install/hardware_unitree_mujoco/share/hardware_unitree_mujoco/package.xml
[6.172s] Invoked command in '/home/luo/rdog/ros2con_rl/build/hardware_unitree_mujoco' returned '0': CMAKE_PREFIX_PATH=${CMAKE_PREFIX_PATH}:/opt/ros/humble /usr/bin/cmake --install /home/luo/rdog/ros2con_rl/build/hardware_unitree_mujoco
