[0.023s] Invoking command in '/home/csl/rdog/test_ws/build/hardware_unitree_mujoco': CMAKE_PREFIX_PATH=${CMAKE_PREFIX_PATH}:/opt/ros/humble /usr/bin/cmake /home/csl/rdog/test_ws/src/hardware_unitree_mujoco -DCMAKE_INSTALL_PREFIX=/home/csl/rdog/test_ws/install/hardware_unitree_mujoco
[0.112s] -- The C compiler identification is GNU 11.4.0
[0.210s] -- The CXX compiler identification is GNU 11.4.0
[0.223s] -- Detecting C compiler ABI info
[0.350s] -- Detecting C compiler ABI info - done
[0.366s] -- Check for working C compiler: /usr/bin/cc - skipped
[0.366s] -- Detecting C compile features
[0.367s] -- Detecting C compile features - done
[0.371s] -- Detecting CXX compiler ABI info
[0.521s] -- Detecting CXX compiler ABI info - done
[0.532s] -- Check for working CXX compiler: /usr/bin/c++ - skipped
[0.533s] -- Detecting CXX compile features
[0.534s] -- Detecting CXX compile features - done
[0.541s] -- Found ament_cmake: 1.3.11 (/opt/ros/humble/share/ament_cmake/cmake)
[0.852s] -- Found Python3: /usr/bin/python3 (found version "3.10.12") found components: Interpreter 
[1.024s] -- Looking for pthread.h
[1.200s] -- Looking for pthread.h - found
[1.200s] -- Performing Test CMAKE_HAVE_LIBC_PTHREAD
[1.445s] -- Performing Test CMAKE_HAVE_LIBC_PTHREAD - Success
[1.448s] -- Found Threads: TRUE  
[1.452s] -- Found hardware_interface: 2.48.0 (/opt/ros/humble/share/hardware_interface/cmake)
[1.514s] -- Found rosidl_generator_c: 3.1.6 (/opt/ros/humble/share/rosidl_generator_c/cmake)
[1.523s] -- Found rosidl_adapter: 3.1.6 (/opt/ros/humble/share/rosidl_adapter/cmake)
[1.536s] -- Found rosidl_generator_cpp: 3.1.6 (/opt/ros/humble/share/rosidl_generator_cpp/cmake)
[1.554s] -- Using all available rosidl_typesupport_c: rosidl_typesupport_fastrtps_c;rosidl_typesupport_introspection_c
[1.579s] -- Using all available rosidl_typesupport_cpp: rosidl_typesupport_fastrtps_cpp;rosidl_typesupport_introspection_cpp
[1.873s] -- Found rmw_implementation_cmake: 6.1.2 (/opt/ros/humble/share/rmw_implementation_cmake/cmake)
[1.878s] -- Found rmw_fastrtps_cpp: 6.2.7 (/opt/ros/humble/share/rmw_fastrtps_cpp/cmake)
[1.917s] -- Found TinyXML2 via Config file: TinyXML2_DIR-NOTFOUND
[2.031s] -- Found OpenSSL: /usr/lib/x86_64-linux-gnu/libcrypto.so (found version "3.0.2")  
[2.037s] -- Found TinyXML2 via Config file: TinyXML2_DIR-NOTFOUND
[2.065s] -- Found FastRTPS: /opt/ros/humble/include  
[2.070s] -- Found TinyXML2 via Config file: TinyXML2_DIR-NOTFOUND
[2.084s] -- Found TinyXML2 via Config file: TinyXML2_DIR-NOTFOUND
[2.106s] -- Using RMW implementation 'rmw_fastrtps_cpp' as default
[2.200s] -- Found ament_lint_auto: 0.12.11 (/opt/ros/humble/share/ament_lint_auto/cmake)
[2.320s] -- Added test 'cppcheck' to perform static code analysis on C / C++ code
[2.320s] -- Configured cppcheck include dirs: $<BUILD_INTERFACE:/home/csl/rdog/test_ws/src/hardware_unitree_mujoco/include>;/home/csl/rdog/test_ws/src/hardware_unitree_mujoco/src
[2.320s] -- Configured cppcheck exclude dirs and/or files: 
[2.321s] -- Added test 'flake8' to check Python code syntax and style conventions
[2.322s] -- Added test 'lint_cmake' to check CMake code style
[2.322s] -- Added test 'pep257' to check Python code against some of the docstring style conventions in PEP 257
[2.323s] -- Added test 'uncrustify' to check C / C++ code style
[2.324s] -- Configured uncrustify additional arguments: 
[2.324s] -- Added test 'xmllint' to check XML markup files
[2.326s] -- Configuring done
[2.356s] -- Generating done
[2.363s] -- Build files have been written to: /home/csl/rdog/test_ws/build/hardware_unitree_mujoco
[2.382s] Invoked command in '/home/csl/rdog/test_ws/build/hardware_unitree_mujoco' returned '0': CMAKE_PREFIX_PATH=${CMAKE_PREFIX_PATH}:/opt/ros/humble /usr/bin/cmake /home/csl/rdog/test_ws/src/hardware_unitree_mujoco -DCMAKE_INSTALL_PREFIX=/home/csl/rdog/test_ws/install/hardware_unitree_mujoco
[2.385s] Invoking command in '/home/csl/rdog/test_ws/build/hardware_unitree_mujoco': CMAKE_PREFIX_PATH=${CMAKE_PREFIX_PATH}:/opt/ros/humble /usr/bin/cmake --build /home/csl/rdog/test_ws/build/hardware_unitree_mujoco -- -j12 -l12
[2.495s] [ 50%] [32mBuilding CXX object CMakeFiles/hardware_unitree_mujoco.dir/src/HardwareUnitree.cpp.o[0m
[10.442s] [100%] [32m[1mLinking CXX shared library libhardware_unitree_mujoco.so[0m
[11.735s] [100%] Built target hardware_unitree_mujoco
[11.761s] Invoked command in '/home/csl/rdog/test_ws/build/hardware_unitree_mujoco' returned '0': CMAKE_PREFIX_PATH=${CMAKE_PREFIX_PATH}:/opt/ros/humble /usr/bin/cmake --build /home/csl/rdog/test_ws/build/hardware_unitree_mujoco -- -j12 -l12
[11.765s] Invoking command in '/home/csl/rdog/test_ws/build/hardware_unitree_mujoco': CMAKE_PREFIX_PATH=${CMAKE_PREFIX_PATH}:/opt/ros/humble /usr/bin/cmake --install /home/csl/rdog/test_ws/build/hardware_unitree_mujoco
[11.781s] -- Install configuration: ""
[11.781s] -- Installing: /home/csl/rdog/test_ws/install/hardware_unitree_mujoco/share/hardware_unitree_mujoco/HardwareUnitree.xml
[11.781s] -- Installing: /home/csl/rdog/test_ws/install/hardware_unitree_mujoco/include/hardware_unitree_mujoco
[11.782s] -- Installing: /home/csl/rdog/test_ws/install/hardware_unitree_mujoco/include/hardware_unitree_mujoco/hardware_unitree_mujoco
[11.782s] -- Installing: /home/csl/rdog/test_ws/install/hardware_unitree_mujoco/include/hardware_unitree_mujoco/hardware_unitree_mujoco/HardwareUnitree.h
[11.782s] -- Installing: /home/csl/rdog/test_ws/install/hardware_unitree_mujoco/lib/libhardware_unitree_mujoco.so
[11.801s] -- Set runtime path of "/home/csl/rdog/test_ws/install/hardware_unitree_mujoco/lib/libhardware_unitree_mujoco.so" to ""
[11.801s] -- Installing: /home/csl/rdog/test_ws/install/hardware_unitree_mujoco/share/hardware_unitree_mujoco/environment/library_path.sh
[11.802s] -- Installing: /home/csl/rdog/test_ws/install/hardware_unitree_mujoco/share/hardware_unitree_mujoco/environment/library_path.dsv
[11.802s] -- Installing: /home/csl/rdog/test_ws/install/hardware_unitree_mujoco/share/hardware_unitree_mujoco//launch
[11.802s] -- Installing: /home/csl/rdog/test_ws/install/hardware_unitree_mujoco/share/hardware_unitree_mujoco//launch/visualize.launch.py
[11.802s] -- Installing: /home/csl/rdog/test_ws/install/hardware_unitree_mujoco/share/ament_index/resource_index/package_run_dependencies/hardware_unitree_mujoco
[11.802s] -- Installing: /home/csl/rdog/test_ws/install/hardware_unitree_mujoco/share/ament_index/resource_index/parent_prefix_path/hardware_unitree_mujoco
[11.803s] -- Installing: /home/csl/rdog/test_ws/install/hardware_unitree_mujoco/share/hardware_unitree_mujoco/environment/ament_prefix_path.sh
[11.803s] -- Installing: /home/csl/rdog/test_ws/install/hardware_unitree_mujoco/share/hardware_unitree_mujoco/environment/ament_prefix_path.dsv
[11.803s] -- Installing: /home/csl/rdog/test_ws/install/hardware_unitree_mujoco/share/hardware_unitree_mujoco/environment/path.sh
[11.803s] -- Installing: /home/csl/rdog/test_ws/install/hardware_unitree_mujoco/share/hardware_unitree_mujoco/environment/path.dsv
[11.804s] -- Installing: /home/csl/rdog/test_ws/install/hardware_unitree_mujoco/share/hardware_unitree_mujoco/local_setup.bash
[11.804s] -- Installing: /home/csl/rdog/test_ws/install/hardware_unitree_mujoco/share/hardware_unitree_mujoco/local_setup.sh
[11.804s] -- Installing: /home/csl/rdog/test_ws/install/hardware_unitree_mujoco/share/hardware_unitree_mujoco/local_setup.zsh
[11.804s] -- Installing: /home/csl/rdog/test_ws/install/hardware_unitree_mujoco/share/hardware_unitree_mujoco/local_setup.dsv
[11.805s] -- Installing: /home/csl/rdog/test_ws/install/hardware_unitree_mujoco/share/hardware_unitree_mujoco/package.dsv
[11.805s] -- Installing: /home/csl/rdog/test_ws/install/hardware_unitree_mujoco/share/ament_index/resource_index/packages/hardware_unitree_mujoco
[11.805s] -- Installing: /home/csl/rdog/test_ws/install/hardware_unitree_mujoco/share/ament_index/resource_index/hardware_interface__pluginlib__plugin/hardware_unitree_mujoco
[11.806s] -- Installing: /home/csl/rdog/test_ws/install/hardware_unitree_mujoco/share/hardware_unitree_mujoco/cmake/export_hardware_unitree_mujocoExport.cmake
[11.806s] -- Installing: /home/csl/rdog/test_ws/install/hardware_unitree_mujoco/share/hardware_unitree_mujoco/cmake/export_hardware_unitree_mujocoExport-noconfig.cmake
[11.806s] -- Installing: /home/csl/rdog/test_ws/install/hardware_unitree_mujoco/share/hardware_unitree_mujoco/cmake/ament_cmake_export_targets-extras.cmake
[11.806s] -- Installing: /home/csl/rdog/test_ws/install/hardware_unitree_mujoco/share/hardware_unitree_mujoco/cmake/hardware_unitree_mujocoConfig.cmake
[11.807s] -- Installing: /home/csl/rdog/test_ws/install/hardware_unitree_mujoco/share/hardware_unitree_mujoco/cmake/hardware_unitree_mujocoConfig-version.cmake
[11.807s] -- Installing: /home/csl/rdog/test_ws/install/hardware_unitree_mujoco/share/hardware_unitree_mujoco/package.xml
[11.811s] Invoked command in '/home/csl/rdog/test_ws/build/hardware_unitree_mujoco' returned '0': CMAKE_PREFIX_PATH=${CMAKE_PREFIX_PATH}:/opt/ros/humble /usr/bin/cmake --install /home/csl/rdog/test_ws/build/hardware_unitree_mujoco
