[0.056s] DEBUG:colcon:Command line arguments: ['/usr/bin/colcon', 'build']
[0.056s] DEBUG:colcon:Parsed command line arguments: Namespace(log_base=None, log_level=None, verb_name='build', build_base='build', install_base='install', merge_install=False, symlink_install=False, test_result_base=None, continue_on_error=False, executor='parallel', parallel_workers=8, event_handlers=None, ignore_user_meta=False, metas=['./colcon.meta'], base_paths=['.'], packages_ignore=None, packages_ignore_regex=None, paths=None, packages_up_to=None, packages_up_to_regex=None, packages_above=None, packages_above_and_dependencies=None, packages_above_depth=None, packages_select_by_dep=None, packages_skip_by_dep=None, packages_skip_up_to=None, packages_select_build_failed=False, packages_skip_build_finished=False, packages_select_test_failures=False, packages_skip_test_passed=False, packages_select=None, packages_skip=None, packages_select_regex=None, packages_skip_regex=None, packages_start=None, packages_end=None, allow_overriding=[], cmake_args=None, cmake_target=None, cmake_target_skip_unavailable=False, cmake_clean_cache=False, cmake_clean_first=False, cmake_force_configure=False, ament_cmake_args=None, catkin_cmake_args=None, catkin_skip_building_tests=False, mixin_files=None, mixin=None, verb_parser=<colcon_mixin.mixin.mixin_argument.MixinArgumentDecorator object at 0x72d673a51d20>, verb_extension=<colcon_core.verb.build.BuildVerb object at 0x72d673a51750>, main=<bound method BuildVerb.main of <colcon_core.verb.build.BuildVerb object at 0x72d673a51750>>, mixin_verb=('build',))
[0.137s] Level 1:colcon.colcon_core.package_discovery:discover_packages(colcon_meta) check parameters
[0.137s] Level 1:colcon.colcon_core.package_discovery:discover_packages(recursive) check parameters
[0.137s] Level 1:colcon.colcon_core.package_discovery:discover_packages(ignore) check parameters
[0.137s] Level 1:colcon.colcon_core.package_discovery:discover_packages(path) check parameters
[0.137s] Level 1:colcon.colcon_core.package_discovery:discover_packages(colcon_meta) discover
[0.137s] Level 1:colcon.colcon_core.package_discovery:discover_packages(recursive) discover
[0.137s] INFO:colcon.colcon_core.package_discovery:Crawling recursively for packages in '/home/luo/rdog/ros2con_rl'
[0.137s] Level 1:colcon.colcon_core.package_identification:_identify(.) by extensions ['ignore', 'ignore_ament_install']
[0.137s] Level 1:colcon.colcon_core.package_identification:_identify(.) by extension 'ignore'
[0.137s] Level 1:colcon.colcon_core.package_identification:_identify(.) by extension 'ignore_ament_install'
[0.137s] Level 1:colcon.colcon_core.package_identification:_identify(.) by extensions ['colcon_pkg']
[0.138s] Level 1:colcon.colcon_core.package_identification:_identify(.) by extension 'colcon_pkg'
[0.138s] Level 1:colcon.colcon_core.package_identification:_identify(.) by extensions ['colcon_meta']
[0.138s] Level 1:colcon.colcon_core.package_identification:_identify(.) by extension 'colcon_meta'
[0.138s] Level 1:colcon.colcon_core.package_identification:_identify(.) by extensions ['ros']
[0.138s] Level 1:colcon.colcon_core.package_identification:_identify(.) by extension 'ros'
[0.143s] Level 1:colcon.colcon_core.package_identification:_identify(.) by extensions ['cmake', 'python']
[0.143s] Level 1:colcon.colcon_core.package_identification:_identify(.) by extension 'cmake'
[0.143s] Level 1:colcon.colcon_core.package_identification:_identify(.) by extension 'python'
[0.143s] Level 1:colcon.colcon_core.package_identification:_identify(.) by extensions ['python_setup_py']
[0.143s] Level 1:colcon.colcon_core.package_identification:_identify(.) by extension 'python_setup_py'
[0.143s] Level 1:colcon.colcon_core.package_identification:_identify(build) by extensions ['ignore', 'ignore_ament_install']
[0.144s] Level 1:colcon.colcon_core.package_identification:_identify(build) by extension 'ignore'
[0.144s] Level 1:colcon.colcon_core.package_identification:_identify(build) ignored
[0.144s] Level 1:colcon.colcon_core.package_identification:_identify(install) by extensions ['ignore', 'ignore_ament_install']
[0.144s] Level 1:colcon.colcon_core.package_identification:_identify(install) by extension 'ignore'
[0.144s] Level 1:colcon.colcon_core.package_identification:_identify(install) ignored
[0.144s] Level 1:colcon.colcon_core.package_identification:_identify(log) by extensions ['ignore', 'ignore_ament_install']
[0.144s] Level 1:colcon.colcon_core.package_identification:_identify(log) by extension 'ignore'
[0.144s] Level 1:colcon.colcon_core.package_identification:_identify(log) ignored
[0.144s] Level 1:colcon.colcon_core.package_identification:_identify(src) by extensions ['ignore', 'ignore_ament_install']
[0.144s] Level 1:colcon.colcon_core.package_identification:_identify(src) by extension 'ignore'
[0.144s] Level 1:colcon.colcon_core.package_identification:_identify(src) by extension 'ignore_ament_install'
[0.144s] Level 1:colcon.colcon_core.package_identification:_identify(src) by extensions ['colcon_pkg']
[0.144s] Level 1:colcon.colcon_core.package_identification:_identify(src) by extension 'colcon_pkg'
[0.144s] Level 1:colcon.colcon_core.package_identification:_identify(src) by extensions ['colcon_meta']
[0.144s] Level 1:colcon.colcon_core.package_identification:_identify(src) by extension 'colcon_meta'
[0.144s] Level 1:colcon.colcon_core.package_identification:_identify(src) by extensions ['ros']
[0.144s] Level 1:colcon.colcon_core.package_identification:_identify(src) by extension 'ros'
[0.144s] Level 1:colcon.colcon_core.package_identification:_identify(src) by extensions ['cmake', 'python']
[0.144s] Level 1:colcon.colcon_core.package_identification:_identify(src) by extension 'cmake'
[0.144s] Level 1:colcon.colcon_core.package_identification:_identify(src) by extension 'python'
[0.144s] Level 1:colcon.colcon_core.package_identification:_identify(src) by extensions ['python_setup_py']
[0.144s] Level 1:colcon.colcon_core.package_identification:_identify(src) by extension 'python_setup_py'
[0.144s] Level 1:colcon.colcon_core.package_identification:_identify(src/hardware_unitree_mujoco) by extensions ['ignore', 'ignore_ament_install']
[0.144s] Level 1:colcon.colcon_core.package_identification:_identify(src/hardware_unitree_mujoco) by extension 'ignore'
[0.144s] Level 1:colcon.colcon_core.package_identification:_identify(src/hardware_unitree_mujoco) by extension 'ignore_ament_install'
[0.144s] Level 1:colcon.colcon_core.package_identification:_identify(src/hardware_unitree_mujoco) by extensions ['colcon_pkg']
[0.144s] Level 1:colcon.colcon_core.package_identification:_identify(src/hardware_unitree_mujoco) by extension 'colcon_pkg'
[0.144s] Level 1:colcon.colcon_core.package_identification:_identify(src/hardware_unitree_mujoco) by extensions ['colcon_meta']
[0.144s] Level 1:colcon.colcon_core.package_identification:_identify(src/hardware_unitree_mujoco) by extension 'colcon_meta'
[0.144s] Level 1:colcon.colcon_core.package_identification:_identify(src/hardware_unitree_mujoco) by extensions ['ros']
[0.144s] Level 1:colcon.colcon_core.package_identification:_identify(src/hardware_unitree_mujoco) by extension 'ros'
[0.145s] DEBUG:colcon.colcon_core.package_identification:Package 'src/hardware_unitree_mujoco' with type 'ros.ament_cmake' and name 'hardware_unitree_mujoco'
[0.145s] Level 1:colcon.colcon_core.package_identification:_identify(src/reddog_description) by extensions ['ignore', 'ignore_ament_install']
[0.146s] Level 1:colcon.colcon_core.package_identification:_identify(src/reddog_description) by extension 'ignore'
[0.146s] Level 1:colcon.colcon_core.package_identification:_identify(src/reddog_description) by extension 'ignore_ament_install'
[0.146s] Level 1:colcon.colcon_core.package_identification:_identify(src/reddog_description) by extensions ['colcon_pkg']
[0.146s] Level 1:colcon.colcon_core.package_identification:_identify(src/reddog_description) by extension 'colcon_pkg'
[0.146s] Level 1:colcon.colcon_core.package_identification:_identify(src/reddog_description) by extensions ['colcon_meta']
[0.146s] Level 1:colcon.colcon_core.package_identification:_identify(src/reddog_description) by extension 'colcon_meta'
[0.146s] Level 1:colcon.colcon_core.package_identification:_identify(src/reddog_description) by extensions ['ros']
[0.146s] Level 1:colcon.colcon_core.package_identification:_identify(src/reddog_description) by extension 'ros'
[0.146s] DEBUG:colcon.colcon_core.package_identification:Package 'src/reddog_description' with type 'ros.ament_cmake' and name 'reddog_description'
[0.146s] Level 1:colcon.colcon_core.package_identification:_identify(src/rl_quadruped_controller) by extensions ['ignore', 'ignore_ament_install']
[0.146s] Level 1:colcon.colcon_core.package_identification:_identify(src/rl_quadruped_controller) by extension 'ignore'
[0.146s] Level 1:colcon.colcon_core.package_identification:_identify(src/rl_quadruped_controller) by extension 'ignore_ament_install'
[0.146s] Level 1:colcon.colcon_core.package_identification:_identify(src/rl_quadruped_controller) by extensions ['colcon_pkg']
[0.146s] Level 1:colcon.colcon_core.package_identification:_identify(src/rl_quadruped_controller) by extension 'colcon_pkg'
[0.146s] Level 1:colcon.colcon_core.package_identification:_identify(src/rl_quadruped_controller) by extensions ['colcon_meta']
[0.146s] Level 1:colcon.colcon_core.package_identification:_identify(src/rl_quadruped_controller) by extension 'colcon_meta'
[0.146s] Level 1:colcon.colcon_core.package_identification:_identify(src/rl_quadruped_controller) by extensions ['ros']
[0.146s] Level 1:colcon.colcon_core.package_identification:_identify(src/rl_quadruped_controller) by extension 'ros'
[0.147s] DEBUG:colcon.colcon_core.package_identification:Package 'src/rl_quadruped_controller' with type 'ros.ament_cmake' and name 'rl_quadruped_controller'
[0.147s] Level 1:colcon.colcon_core.package_discovery:discover_packages(recursive) using defaults
[0.147s] Level 1:colcon.colcon_core.package_discovery:discover_packages(ignore) discover
[0.147s] Level 1:colcon.colcon_core.package_discovery:discover_packages(ignore) using defaults
[0.147s] Level 1:colcon.colcon_core.package_discovery:discover_packages(path) discover
[0.147s] Level 1:colcon.colcon_core.package_discovery:discover_packages(path) using defaults
[0.162s] Level 1:colcon.colcon_core.package_discovery:discover_packages(prefix_path) check parameters
[0.162s] Level 1:colcon.colcon_core.package_discovery:discover_packages(prefix_path) discover
[0.162s] WARNING:colcon.colcon_ros.prefix_path.ament:The path '/home/luo/rdog/ros2con_rl/install/rl_quadruped_controller' in the environment variable AMENT_PREFIX_PATH doesn't exist
[0.163s] WARNING:colcon.colcon_ros.prefix_path.ament:The path '/home/luo/rdog/ros2con_rl/install/reddog_description' in the environment variable AMENT_PREFIX_PATH doesn't exist
[0.163s] WARNING:colcon.colcon_ros.prefix_path.ament:The path '/home/luo/rdog/ros2con_rl/install/hardware_unitree_mujoco' in the environment variable AMENT_PREFIX_PATH doesn't exist
[0.163s] WARNING:colcon.colcon_ros.prefix_path.catkin:The path '/home/luo/rdog/ros2con_rl/install/rl_quadruped_controller' in the environment variable CMAKE_PREFIX_PATH doesn't exist
[0.163s] WARNING:colcon.colcon_ros.prefix_path.catkin:The path '/home/luo/rdog/ros2con_rl/install/reddog_description' in the environment variable CMAKE_PREFIX_PATH doesn't exist
[0.163s] WARNING:colcon.colcon_ros.prefix_path.catkin:The path '/home/luo/rdog/ros2con_rl/install/hardware_unitree_mujoco' in the environment variable CMAKE_PREFIX_PATH doesn't exist
[0.164s] WARNING:colcon.colcon_ros.prefix_path.catkin:The path '/opt/unitree_robotics' in the environment variable CMAKE_PREFIX_PATH doesn't exist
[0.164s] DEBUG:colcon.colcon_installed_package_information.package_discovery:Found 0 installed packages in /home/luo/rdog/ros2con_rl/install
[0.165s] DEBUG:colcon.colcon_installed_package_information.package_discovery:Found 294 installed packages in /opt/ros/humble
[0.166s] Level 1:colcon.colcon_core.package_discovery:discover_packages(prefix_path) using defaults
[0.186s] Level 5:colcon.colcon_core.verb:set package 'hardware_unitree_mujoco' build argument 'cmake_args' from command line to 'None'
[0.186s] Level 5:colcon.colcon_core.verb:set package 'hardware_unitree_mujoco' build argument 'cmake_target' from command line to 'None'
[0.186s] Level 5:colcon.colcon_core.verb:set package 'hardware_unitree_mujoco' build argument 'cmake_target_skip_unavailable' from command line to 'False'
[0.186s] Level 5:colcon.colcon_core.verb:set package 'hardware_unitree_mujoco' build argument 'cmake_clean_cache' from command line to 'False'
[0.186s] Level 5:colcon.colcon_core.verb:set package 'hardware_unitree_mujoco' build argument 'cmake_clean_first' from command line to 'False'
[0.186s] Level 5:colcon.colcon_core.verb:set package 'hardware_unitree_mujoco' build argument 'cmake_force_configure' from command line to 'False'
[0.186s] Level 5:colcon.colcon_core.verb:set package 'hardware_unitree_mujoco' build argument 'ament_cmake_args' from command line to 'None'
[0.186s] Level 5:colcon.colcon_core.verb:set package 'hardware_unitree_mujoco' build argument 'catkin_cmake_args' from command line to 'None'
[0.186s] Level 5:colcon.colcon_core.verb:set package 'hardware_unitree_mujoco' build argument 'catkin_skip_building_tests' from command line to 'False'
[0.186s] DEBUG:colcon.colcon_core.verb:Building package 'hardware_unitree_mujoco' with the following arguments: {'ament_cmake_args': None, 'build_base': '/home/luo/rdog/ros2con_rl/build/hardware_unitree_mujoco', 'catkin_cmake_args': None, 'catkin_skip_building_tests': False, 'cmake_args': None, 'cmake_clean_cache': False, 'cmake_clean_first': False, 'cmake_force_configure': False, 'cmake_target': None, 'cmake_target_skip_unavailable': False, 'install_base': '/home/luo/rdog/ros2con_rl/install/hardware_unitree_mujoco', 'merge_install': False, 'path': '/home/luo/rdog/ros2con_rl/src/hardware_unitree_mujoco', 'symlink_install': False, 'test_result_base': None}
[0.186s] Level 5:colcon.colcon_core.verb:set package 'reddog_description' build argument 'cmake_args' from command line to 'None'
[0.186s] Level 5:colcon.colcon_core.verb:set package 'reddog_description' build argument 'cmake_target' from command line to 'None'
[0.186s] Level 5:colcon.colcon_core.verb:set package 'reddog_description' build argument 'cmake_target_skip_unavailable' from command line to 'False'
[0.186s] Level 5:colcon.colcon_core.verb:set package 'reddog_description' build argument 'cmake_clean_cache' from command line to 'False'
[0.186s] Level 5:colcon.colcon_core.verb:set package 'reddog_description' build argument 'cmake_clean_first' from command line to 'False'
[0.186s] Level 5:colcon.colcon_core.verb:set package 'reddog_description' build argument 'cmake_force_configure' from command line to 'False'
[0.186s] Level 5:colcon.colcon_core.verb:set package 'reddog_description' build argument 'ament_cmake_args' from command line to 'None'
[0.186s] Level 5:colcon.colcon_core.verb:set package 'reddog_description' build argument 'catkin_cmake_args' from command line to 'None'
[0.186s] Level 5:colcon.colcon_core.verb:set package 'reddog_description' build argument 'catkin_skip_building_tests' from command line to 'False'
[0.186s] DEBUG:colcon.colcon_core.verb:Building package 'reddog_description' with the following arguments: {'ament_cmake_args': None, 'build_base': '/home/luo/rdog/ros2con_rl/build/reddog_description', 'catkin_cmake_args': None, 'catkin_skip_building_tests': False, 'cmake_args': None, 'cmake_clean_cache': False, 'cmake_clean_first': False, 'cmake_force_configure': False, 'cmake_target': None, 'cmake_target_skip_unavailable': False, 'install_base': '/home/luo/rdog/ros2con_rl/install/reddog_description', 'merge_install': False, 'path': '/home/luo/rdog/ros2con_rl/src/reddog_description', 'symlink_install': False, 'test_result_base': None}
[0.186s] Level 5:colcon.colcon_core.verb:set package 'rl_quadruped_controller' build argument 'cmake_args' from command line to 'None'
[0.186s] Level 5:colcon.colcon_core.verb:set package 'rl_quadruped_controller' build argument 'cmake_target' from command line to 'None'
[0.186s] Level 5:colcon.colcon_core.verb:set package 'rl_quadruped_controller' build argument 'cmake_target_skip_unavailable' from command line to 'False'
[0.186s] Level 5:colcon.colcon_core.verb:set package 'rl_quadruped_controller' build argument 'cmake_clean_cache' from command line to 'False'
[0.186s] Level 5:colcon.colcon_core.verb:set package 'rl_quadruped_controller' build argument 'cmake_clean_first' from command line to 'False'
[0.186s] Level 5:colcon.colcon_core.verb:set package 'rl_quadruped_controller' build argument 'cmake_force_configure' from command line to 'False'
[0.186s] Level 5:colcon.colcon_core.verb:set package 'rl_quadruped_controller' build argument 'ament_cmake_args' from command line to 'None'
[0.186s] Level 5:colcon.colcon_core.verb:set package 'rl_quadruped_controller' build argument 'catkin_cmake_args' from command line to 'None'
[0.186s] Level 5:colcon.colcon_core.verb:set package 'rl_quadruped_controller' build argument 'catkin_skip_building_tests' from command line to 'False'
[0.186s] DEBUG:colcon.colcon_core.verb:Building package 'rl_quadruped_controller' with the following arguments: {'ament_cmake_args': None, 'build_base': '/home/luo/rdog/ros2con_rl/build/rl_quadruped_controller', 'catkin_cmake_args': None, 'catkin_skip_building_tests': False, 'cmake_args': None, 'cmake_clean_cache': False, 'cmake_clean_first': False, 'cmake_force_configure': False, 'cmake_target': None, 'cmake_target_skip_unavailable': False, 'install_base': '/home/luo/rdog/ros2con_rl/install/rl_quadruped_controller', 'merge_install': False, 'path': '/home/luo/rdog/ros2con_rl/src/rl_quadruped_controller', 'symlink_install': False, 'test_result_base': None}
[0.187s] INFO:colcon.colcon_core.executor:Executing jobs using 'parallel' executor
[0.191s] DEBUG:colcon.colcon_parallel_executor.executor.parallel:run_until_complete
[0.194s] INFO:colcon.colcon_ros.task.ament_cmake.build:Building ROS package in '/home/luo/rdog/ros2con_rl/src/hardware_unitree_mujoco' with build type 'ament_cmake'
[0.198s] INFO:colcon.colcon_cmake.task.cmake.build:Building CMake package in '/home/luo/rdog/ros2con_rl/src/hardware_unitree_mujoco'
[0.200s] INFO:colcon.colcon_core.plugin_system:Skipping extension 'colcon_core.shell.bat': Not used on non-Windows systems
[0.200s] INFO:colcon.colcon_core.shell:Skip shell extension 'powershell' for command environment: Not usable outside of PowerShell
[0.200s] DEBUG:colcon.colcon_core.shell:Skip shell extension 'dsv' for command environment
[0.213s] INFO:colcon.colcon_ros.task.ament_cmake.build:Building ROS package in '/home/luo/rdog/ros2con_rl/src/reddog_description' with build type 'ament_cmake'
[0.213s] INFO:colcon.colcon_cmake.task.cmake.build:Building CMake package in '/home/luo/rdog/ros2con_rl/src/reddog_description'
[0.214s] INFO:colcon.colcon_core.shell:Skip shell extension 'powershell' for command environment: Not usable outside of PowerShell
[0.214s] DEBUG:colcon.colcon_core.shell:Skip shell extension 'dsv' for command environment
[0.218s] INFO:colcon.colcon_ros.task.ament_cmake.build:Building ROS package in '/home/luo/rdog/ros2con_rl/src/rl_quadruped_controller' with build type 'ament_cmake'
[0.218s] INFO:colcon.colcon_cmake.task.cmake.build:Building CMake package in '/home/luo/rdog/ros2con_rl/src/rl_quadruped_controller'
[0.218s] INFO:colcon.colcon_core.shell:Skip shell extension 'powershell' for command environment: Not usable outside of PowerShell
[0.218s] DEBUG:colcon.colcon_core.shell:Skip shell extension 'dsv' for command environment
[0.236s] DEBUG:colcon.colcon_core.event_handler.log_command:Invoking command in '/home/luo/rdog/ros2con_rl/build/hardware_unitree_mujoco': CMAKE_PREFIX_PATH=${CMAKE_PREFIX_PATH}:/opt/ros/humble /usr/bin/cmake /home/luo/rdog/ros2con_rl/src/hardware_unitree_mujoco -DCMAKE_INSTALL_PREFIX=/home/luo/rdog/ros2con_rl/install/hardware_unitree_mujoco
[0.244s] DEBUG:colcon.colcon_core.event_handler.log_command:Invoking command in '/home/luo/rdog/ros2con_rl/build/reddog_description': CMAKE_PREFIX_PATH=${CMAKE_PREFIX_PATH}:/opt/ros/humble /usr/bin/cmake /home/luo/rdog/ros2con_rl/src/reddog_description -DCMAKE_INSTALL_PREFIX=/home/luo/rdog/ros2con_rl/install/reddog_description
[0.256s] DEBUG:colcon.colcon_core.event_handler.log_command:Invoking command in '/home/luo/rdog/ros2con_rl/build/rl_quadruped_controller': CMAKE_PREFIX_PATH=${CMAKE_PREFIX_PATH}:/opt/ros/humble /usr/bin/cmake /home/luo/rdog/ros2con_rl/src/rl_quadruped_controller -DCMAKE_INSTALL_PREFIX=/home/luo/rdog/ros2con_rl/install/rl_quadruped_controller
[0.802s] DEBUG:colcon.colcon_core.event_handler.log_command:Invoked command in '/home/luo/rdog/ros2con_rl/build/reddog_description' returned '0': CMAKE_PREFIX_PATH=${CMAKE_PREFIX_PATH}:/opt/ros/humble /usr/bin/cmake /home/luo/rdog/ros2con_rl/src/reddog_description -DCMAKE_INSTALL_PREFIX=/home/luo/rdog/ros2con_rl/install/reddog_description
[0.803s] DEBUG:colcon.colcon_core.event_handler.log_command:Invoking command in '/home/luo/rdog/ros2con_rl/build/reddog_description': CMAKE_PREFIX_PATH=${CMAKE_PREFIX_PATH}:/opt/ros/humble /usr/bin/cmake --build /home/luo/rdog/ros2con_rl/build/reddog_description -- -j8 -l8
[0.865s] DEBUG:colcon.colcon_core.event_handler.log_command:Invoked command in '/home/luo/rdog/ros2con_rl/build/reddog_description' returned '0': CMAKE_PREFIX_PATH=${CMAKE_PREFIX_PATH}:/opt/ros/humble /usr/bin/cmake --build /home/luo/rdog/ros2con_rl/build/reddog_description -- -j8 -l8
[0.875s] DEBUG:colcon.colcon_core.event_handler.log_command:Invoking command in '/home/luo/rdog/ros2con_rl/build/reddog_description': CMAKE_PREFIX_PATH=${CMAKE_PREFIX_PATH}:/opt/ros/humble /usr/bin/cmake --install /home/luo/rdog/ros2con_rl/build/reddog_description
[1.005s] Level 1:colcon.colcon_core.environment:create_environment_scripts_only(reddog_description)
[1.006s] DEBUG:colcon.colcon_core.event_handler.log_command:Invoked command in '/home/luo/rdog/ros2con_rl/build/reddog_description' returned '0': CMAKE_PREFIX_PATH=${CMAKE_PREFIX_PATH}:/opt/ros/humble /usr/bin/cmake --install /home/luo/rdog/ros2con_rl/build/reddog_description
[1.007s] Level 1:colcon.colcon_core.environment:checking '/home/luo/rdog/ros2con_rl/install/reddog_description' for CMake module files
[1.008s] Level 1:colcon.colcon_core.environment:checking '/home/luo/rdog/ros2con_rl/install/reddog_description' for CMake config files
[1.008s] Level 1:colcon.colcon_core.shell:create_environment_hook('reddog_description', 'cmake_prefix_path')
[1.008s] INFO:colcon.colcon_core.shell:Creating environment hook '/home/luo/rdog/ros2con_rl/install/reddog_description/share/reddog_description/hook/cmake_prefix_path.ps1'
[1.009s] INFO:colcon.colcon_core.shell:Creating environment descriptor '/home/luo/rdog/ros2con_rl/install/reddog_description/share/reddog_description/hook/cmake_prefix_path.dsv'
[1.009s] INFO:colcon.colcon_core.shell:Creating environment hook '/home/luo/rdog/ros2con_rl/install/reddog_description/share/reddog_description/hook/cmake_prefix_path.sh'
[1.009s] Level 1:colcon.colcon_core.environment:checking '/home/luo/rdog/ros2con_rl/install/reddog_description/bin'
[1.009s] Level 1:colcon.colcon_core.environment:checking '/home/luo/rdog/ros2con_rl/install/reddog_description/lib/pkgconfig/reddog_description.pc'
[1.010s] Level 1:colcon.colcon_core.environment:checking '/home/luo/rdog/ros2con_rl/install/reddog_description/lib/python3.10/site-packages'
[1.010s] Level 1:colcon.colcon_core.environment:checking '/home/luo/rdog/ros2con_rl/install/reddog_description/bin'
[1.010s] INFO:colcon.colcon_core.shell:Creating package script '/home/luo/rdog/ros2con_rl/install/reddog_description/share/reddog_description/package.ps1'
[1.011s] INFO:colcon.colcon_core.shell:Creating package descriptor '/home/luo/rdog/ros2con_rl/install/reddog_description/share/reddog_description/package.dsv'
[1.012s] INFO:colcon.colcon_core.shell:Creating package script '/home/luo/rdog/ros2con_rl/install/reddog_description/share/reddog_description/package.sh'
[1.012s] INFO:colcon.colcon_core.shell:Creating package script '/home/luo/rdog/ros2con_rl/install/reddog_description/share/reddog_description/package.bash'
[1.014s] INFO:colcon.colcon_core.shell:Creating package script '/home/luo/rdog/ros2con_rl/install/reddog_description/share/reddog_description/package.zsh'
[1.015s] Level 1:colcon.colcon_core.environment:create_file_with_runtime_dependencies(/home/luo/rdog/ros2con_rl/install/reddog_description/share/colcon-core/packages/reddog_description)
[1.015s] Level 1:colcon.colcon_core.environment:create_environment_scripts_only(reddog_description)
[1.015s] Level 1:colcon.colcon_core.environment:checking '/home/luo/rdog/ros2con_rl/install/reddog_description' for CMake module files
[1.015s] Level 1:colcon.colcon_core.environment:checking '/home/luo/rdog/ros2con_rl/install/reddog_description' for CMake config files
[1.016s] Level 1:colcon.colcon_core.shell:create_environment_hook('reddog_description', 'cmake_prefix_path')
[1.016s] INFO:colcon.colcon_core.shell:Creating environment hook '/home/luo/rdog/ros2con_rl/install/reddog_description/share/reddog_description/hook/cmake_prefix_path.ps1'
[1.017s] INFO:colcon.colcon_core.shell:Creating environment descriptor '/home/luo/rdog/ros2con_rl/install/reddog_description/share/reddog_description/hook/cmake_prefix_path.dsv'
[1.017s] INFO:colcon.colcon_core.shell:Creating environment hook '/home/luo/rdog/ros2con_rl/install/reddog_description/share/reddog_description/hook/cmake_prefix_path.sh'
[1.018s] Level 1:colcon.colcon_core.environment:checking '/home/luo/rdog/ros2con_rl/install/reddog_description/bin'
[1.018s] Level 1:colcon.colcon_core.environment:checking '/home/luo/rdog/ros2con_rl/install/reddog_description/lib/pkgconfig/reddog_description.pc'
[1.018s] Level 1:colcon.colcon_core.environment:checking '/home/luo/rdog/ros2con_rl/install/reddog_description/lib/python3.10/site-packages'
[1.018s] Level 1:colcon.colcon_core.environment:checking '/home/luo/rdog/ros2con_rl/install/reddog_description/bin'
[1.018s] INFO:colcon.colcon_core.shell:Creating package script '/home/luo/rdog/ros2con_rl/install/reddog_description/share/reddog_description/package.ps1'
[1.019s] INFO:colcon.colcon_core.shell:Creating package descriptor '/home/luo/rdog/ros2con_rl/install/reddog_description/share/reddog_description/package.dsv'
[1.019s] INFO:colcon.colcon_core.shell:Creating package script '/home/luo/rdog/ros2con_rl/install/reddog_description/share/reddog_description/package.sh'
[1.020s] INFO:colcon.colcon_core.shell:Creating package script '/home/luo/rdog/ros2con_rl/install/reddog_description/share/reddog_description/package.bash'
[1.020s] INFO:colcon.colcon_core.shell:Creating package script '/home/luo/rdog/ros2con_rl/install/reddog_description/share/reddog_description/package.zsh'
[1.021s] Level 1:colcon.colcon_core.environment:create_file_with_runtime_dependencies(/home/luo/rdog/ros2con_rl/install/reddog_description/share/colcon-core/packages/reddog_description)
[1.434s] DEBUG:colcon.colcon_core.event_handler.log_command:Invoked command in '/home/luo/rdog/ros2con_rl/build/hardware_unitree_mujoco' returned '0': CMAKE_PREFIX_PATH=${CMAKE_PREFIX_PATH}:/opt/ros/humble /usr/bin/cmake /home/luo/rdog/ros2con_rl/src/hardware_unitree_mujoco -DCMAKE_INSTALL_PREFIX=/home/luo/rdog/ros2con_rl/install/hardware_unitree_mujoco
[1.437s] DEBUG:colcon.colcon_core.event_handler.log_command:Invoking command in '/home/luo/rdog/ros2con_rl/build/hardware_unitree_mujoco': CMAKE_PREFIX_PATH=${CMAKE_PREFIX_PATH}:/opt/ros/humble /usr/bin/cmake --build /home/luo/rdog/ros2con_rl/build/hardware_unitree_mujoco -- -j8 -l8
[1.464s] DEBUG:colcon.colcon_core.event_handler.log_command:Invoked command in '/home/luo/rdog/ros2con_rl/build/rl_quadruped_controller' returned '0': CMAKE_PREFIX_PATH=${CMAKE_PREFIX_PATH}:/opt/ros/humble /usr/bin/cmake /home/luo/rdog/ros2con_rl/src/rl_quadruped_controller -DCMAKE_INSTALL_PREFIX=/home/luo/rdog/ros2con_rl/install/rl_quadruped_controller
[1.467s] DEBUG:colcon.colcon_core.event_handler.log_command:Invoking command in '/home/luo/rdog/ros2con_rl/build/rl_quadruped_controller': CMAKE_PREFIX_PATH=${CMAKE_PREFIX_PATH}:/opt/ros/humble /usr/bin/cmake --build /home/luo/rdog/ros2con_rl/build/rl_quadruped_controller -- -j8 -l8
[5.736s] DEBUG:colcon.colcon_core.event_handler.log_command:Invoked command in '/home/luo/rdog/ros2con_rl/build/hardware_unitree_mujoco' returned '0': CMAKE_PREFIX_PATH=${CMAKE_PREFIX_PATH}:/opt/ros/humble /usr/bin/cmake --build /home/luo/rdog/ros2con_rl/build/hardware_unitree_mujoco -- -j8 -l8
[5.736s] DEBUG:colcon.colcon_core.event_handler.log_command:Invoking command in '/home/luo/rdog/ros2con_rl/build/hardware_unitree_mujoco': CMAKE_PREFIX_PATH=${CMAKE_PREFIX_PATH}:/opt/ros/humble /usr/bin/cmake --install /home/luo/rdog/ros2con_rl/build/hardware_unitree_mujoco
[5.759s] Level 1:colcon.colcon_core.environment:create_environment_scripts_only(hardware_unitree_mujoco)
[5.759s] Level 1:colcon.colcon_core.environment:checking '/home/luo/rdog/ros2con_rl/install/hardware_unitree_mujoco' for CMake module files
[5.760s] DEBUG:colcon.colcon_core.event_handler.log_command:Invoked command in '/home/luo/rdog/ros2con_rl/build/hardware_unitree_mujoco' returned '0': CMAKE_PREFIX_PATH=${CMAKE_PREFIX_PATH}:/opt/ros/humble /usr/bin/cmake --install /home/luo/rdog/ros2con_rl/build/hardware_unitree_mujoco
[5.761s] Level 1:colcon.colcon_core.environment:checking '/home/luo/rdog/ros2con_rl/install/hardware_unitree_mujoco' for CMake config files
[5.761s] Level 1:colcon.colcon_core.shell:create_environment_hook('hardware_unitree_mujoco', 'cmake_prefix_path')
[5.761s] INFO:colcon.colcon_core.shell:Creating environment hook '/home/luo/rdog/ros2con_rl/install/hardware_unitree_mujoco/share/hardware_unitree_mujoco/hook/cmake_prefix_path.ps1'
[5.761s] INFO:colcon.colcon_core.shell:Creating environment descriptor '/home/luo/rdog/ros2con_rl/install/hardware_unitree_mujoco/share/hardware_unitree_mujoco/hook/cmake_prefix_path.dsv'
[5.761s] INFO:colcon.colcon_core.shell:Creating environment hook '/home/luo/rdog/ros2con_rl/install/hardware_unitree_mujoco/share/hardware_unitree_mujoco/hook/cmake_prefix_path.sh'
[5.762s] Level 1:colcon.colcon_core.environment:checking '/home/luo/rdog/ros2con_rl/install/hardware_unitree_mujoco/lib'
[5.762s] Level 1:colcon.colcon_core.shell:create_environment_hook('hardware_unitree_mujoco', 'ld_library_path_lib')
[5.762s] INFO:colcon.colcon_core.shell:Creating environment hook '/home/luo/rdog/ros2con_rl/install/hardware_unitree_mujoco/share/hardware_unitree_mujoco/hook/ld_library_path_lib.ps1'
[5.762s] INFO:colcon.colcon_core.shell:Creating environment descriptor '/home/luo/rdog/ros2con_rl/install/hardware_unitree_mujoco/share/hardware_unitree_mujoco/hook/ld_library_path_lib.dsv'
[5.762s] INFO:colcon.colcon_core.shell:Creating environment hook '/home/luo/rdog/ros2con_rl/install/hardware_unitree_mujoco/share/hardware_unitree_mujoco/hook/ld_library_path_lib.sh'
[5.763s] Level 1:colcon.colcon_core.environment:checking '/home/luo/rdog/ros2con_rl/install/hardware_unitree_mujoco/bin'
[5.763s] Level 1:colcon.colcon_core.environment:checking '/home/luo/rdog/ros2con_rl/install/hardware_unitree_mujoco/lib/pkgconfig/hardware_unitree_mujoco.pc'
[5.763s] Level 1:colcon.colcon_core.environment:checking '/home/luo/rdog/ros2con_rl/install/hardware_unitree_mujoco/lib/python3.10/site-packages'
[5.763s] Level 1:colcon.colcon_core.environment:checking '/home/luo/rdog/ros2con_rl/install/hardware_unitree_mujoco/bin'
[5.763s] INFO:colcon.colcon_core.shell:Creating package script '/home/luo/rdog/ros2con_rl/install/hardware_unitree_mujoco/share/hardware_unitree_mujoco/package.ps1'
[5.763s] INFO:colcon.colcon_core.shell:Creating package descriptor '/home/luo/rdog/ros2con_rl/install/hardware_unitree_mujoco/share/hardware_unitree_mujoco/package.dsv'
[5.764s] INFO:colcon.colcon_core.shell:Creating package script '/home/luo/rdog/ros2con_rl/install/hardware_unitree_mujoco/share/hardware_unitree_mujoco/package.sh'
[5.764s] INFO:colcon.colcon_core.shell:Creating package script '/home/luo/rdog/ros2con_rl/install/hardware_unitree_mujoco/share/hardware_unitree_mujoco/package.bash'
[5.765s] INFO:colcon.colcon_core.shell:Creating package script '/home/luo/rdog/ros2con_rl/install/hardware_unitree_mujoco/share/hardware_unitree_mujoco/package.zsh'
[5.765s] Level 1:colcon.colcon_core.environment:create_file_with_runtime_dependencies(/home/luo/rdog/ros2con_rl/install/hardware_unitree_mujoco/share/colcon-core/packages/hardware_unitree_mujoco)
[5.765s] Level 1:colcon.colcon_core.environment:create_environment_scripts_only(hardware_unitree_mujoco)
[5.765s] Level 1:colcon.colcon_core.environment:checking '/home/luo/rdog/ros2con_rl/install/hardware_unitree_mujoco' for CMake module files
[5.765s] Level 1:colcon.colcon_core.environment:checking '/home/luo/rdog/ros2con_rl/install/hardware_unitree_mujoco' for CMake config files
[5.766s] Level 1:colcon.colcon_core.shell:create_environment_hook('hardware_unitree_mujoco', 'cmake_prefix_path')
[5.766s] INFO:colcon.colcon_core.shell:Creating environment hook '/home/luo/rdog/ros2con_rl/install/hardware_unitree_mujoco/share/hardware_unitree_mujoco/hook/cmake_prefix_path.ps1'
[5.766s] INFO:colcon.colcon_core.shell:Creating environment descriptor '/home/luo/rdog/ros2con_rl/install/hardware_unitree_mujoco/share/hardware_unitree_mujoco/hook/cmake_prefix_path.dsv'
[5.767s] INFO:colcon.colcon_core.shell:Creating environment hook '/home/luo/rdog/ros2con_rl/install/hardware_unitree_mujoco/share/hardware_unitree_mujoco/hook/cmake_prefix_path.sh'
[5.768s] Level 1:colcon.colcon_core.environment:checking '/home/luo/rdog/ros2con_rl/install/hardware_unitree_mujoco/lib'
[5.768s] Level 1:colcon.colcon_core.shell:create_environment_hook('hardware_unitree_mujoco', 'ld_library_path_lib')
[5.768s] INFO:colcon.colcon_core.shell:Creating environment hook '/home/luo/rdog/ros2con_rl/install/hardware_unitree_mujoco/share/hardware_unitree_mujoco/hook/ld_library_path_lib.ps1'
[5.768s] INFO:colcon.colcon_core.shell:Creating environment descriptor '/home/luo/rdog/ros2con_rl/install/hardware_unitree_mujoco/share/hardware_unitree_mujoco/hook/ld_library_path_lib.dsv'
[5.769s] INFO:colcon.colcon_core.shell:Creating environment hook '/home/luo/rdog/ros2con_rl/install/hardware_unitree_mujoco/share/hardware_unitree_mujoco/hook/ld_library_path_lib.sh'
[5.770s] Level 1:colcon.colcon_core.environment:checking '/home/luo/rdog/ros2con_rl/install/hardware_unitree_mujoco/bin'
[5.770s] Level 1:colcon.colcon_core.environment:checking '/home/luo/rdog/ros2con_rl/install/hardware_unitree_mujoco/lib/pkgconfig/hardware_unitree_mujoco.pc'
[5.770s] Level 1:colcon.colcon_core.environment:checking '/home/luo/rdog/ros2con_rl/install/hardware_unitree_mujoco/lib/python3.10/site-packages'
[5.770s] Level 1:colcon.colcon_core.environment:checking '/home/luo/rdog/ros2con_rl/install/hardware_unitree_mujoco/bin'
[5.770s] INFO:colcon.colcon_core.shell:Creating package script '/home/luo/rdog/ros2con_rl/install/hardware_unitree_mujoco/share/hardware_unitree_mujoco/package.ps1'
[5.771s] INFO:colcon.colcon_core.shell:Creating package descriptor '/home/luo/rdog/ros2con_rl/install/hardware_unitree_mujoco/share/hardware_unitree_mujoco/package.dsv'
[5.771s] INFO:colcon.colcon_core.shell:Creating package script '/home/luo/rdog/ros2con_rl/install/hardware_unitree_mujoco/share/hardware_unitree_mujoco/package.sh'
[5.772s] INFO:colcon.colcon_core.shell:Creating package script '/home/luo/rdog/ros2con_rl/install/hardware_unitree_mujoco/share/hardware_unitree_mujoco/package.bash'
[5.773s] INFO:colcon.colcon_core.shell:Creating package script '/home/luo/rdog/ros2con_rl/install/hardware_unitree_mujoco/share/hardware_unitree_mujoco/package.zsh'
[5.773s] Level 1:colcon.colcon_core.environment:create_file_with_runtime_dependencies(/home/luo/rdog/ros2con_rl/install/hardware_unitree_mujoco/share/colcon-core/packages/hardware_unitree_mujoco)
[16.209s] DEBUG:colcon.colcon_core.event_handler.log_command:Invoked command in '/home/luo/rdog/ros2con_rl/build/rl_quadruped_controller' returned '0': CMAKE_PREFIX_PATH=${CMAKE_PREFIX_PATH}:/opt/ros/humble /usr/bin/cmake --build /home/luo/rdog/ros2con_rl/build/rl_quadruped_controller -- -j8 -l8
[16.210s] DEBUG:colcon.colcon_core.event_handler.log_command:Invoking command in '/home/luo/rdog/ros2con_rl/build/rl_quadruped_controller': CMAKE_PREFIX_PATH=${CMAKE_PREFIX_PATH}:/opt/ros/humble /usr/bin/cmake --install /home/luo/rdog/ros2con_rl/build/rl_quadruped_controller
[16.266s] Level 1:colcon.colcon_core.environment:create_environment_scripts_only(rl_quadruped_controller)
[16.266s] Level 1:colcon.colcon_core.environment:checking '/home/luo/rdog/ros2con_rl/install/rl_quadruped_controller' for CMake module files
[16.267s] DEBUG:colcon.colcon_core.event_handler.log_command:Invoked command in '/home/luo/rdog/ros2con_rl/build/rl_quadruped_controller' returned '0': CMAKE_PREFIX_PATH=${CMAKE_PREFIX_PATH}:/opt/ros/humble /usr/bin/cmake --install /home/luo/rdog/ros2con_rl/build/rl_quadruped_controller
[16.268s] Level 1:colcon.colcon_core.environment:checking '/home/luo/rdog/ros2con_rl/install/rl_quadruped_controller' for CMake config files
[16.268s] Level 1:colcon.colcon_core.shell:create_environment_hook('rl_quadruped_controller', 'cmake_prefix_path')
[16.268s] INFO:colcon.colcon_core.shell:Creating environment hook '/home/luo/rdog/ros2con_rl/install/rl_quadruped_controller/share/rl_quadruped_controller/hook/cmake_prefix_path.ps1'
[16.269s] INFO:colcon.colcon_core.shell:Creating environment descriptor '/home/luo/rdog/ros2con_rl/install/rl_quadruped_controller/share/rl_quadruped_controller/hook/cmake_prefix_path.dsv'
[16.269s] INFO:colcon.colcon_core.shell:Creating environment hook '/home/luo/rdog/ros2con_rl/install/rl_quadruped_controller/share/rl_quadruped_controller/hook/cmake_prefix_path.sh'
[16.269s] Level 1:colcon.colcon_core.environment:checking '/home/luo/rdog/ros2con_rl/install/rl_quadruped_controller/lib'
[16.269s] Level 1:colcon.colcon_core.shell:create_environment_hook('rl_quadruped_controller', 'ld_library_path_lib')
[16.270s] INFO:colcon.colcon_core.shell:Creating environment hook '/home/luo/rdog/ros2con_rl/install/rl_quadruped_controller/share/rl_quadruped_controller/hook/ld_library_path_lib.ps1'
[16.270s] INFO:colcon.colcon_core.shell:Creating environment descriptor '/home/luo/rdog/ros2con_rl/install/rl_quadruped_controller/share/rl_quadruped_controller/hook/ld_library_path_lib.dsv'
[16.270s] INFO:colcon.colcon_core.shell:Creating environment hook '/home/luo/rdog/ros2con_rl/install/rl_quadruped_controller/share/rl_quadruped_controller/hook/ld_library_path_lib.sh'
[16.270s] Level 1:colcon.colcon_core.environment:checking '/home/luo/rdog/ros2con_rl/install/rl_quadruped_controller/bin'
[16.270s] Level 1:colcon.colcon_core.environment:checking '/home/luo/rdog/ros2con_rl/install/rl_quadruped_controller/lib/pkgconfig/rl_quadruped_controller.pc'
[16.270s] Level 1:colcon.colcon_core.environment:checking '/home/luo/rdog/ros2con_rl/install/rl_quadruped_controller/lib/python3.10/site-packages'
[16.271s] Level 1:colcon.colcon_core.environment:checking '/home/luo/rdog/ros2con_rl/install/rl_quadruped_controller/bin'
[16.271s] INFO:colcon.colcon_core.shell:Creating package script '/home/luo/rdog/ros2con_rl/install/rl_quadruped_controller/share/rl_quadruped_controller/package.ps1'
[16.271s] INFO:colcon.colcon_core.shell:Creating package descriptor '/home/luo/rdog/ros2con_rl/install/rl_quadruped_controller/share/rl_quadruped_controller/package.dsv'
[16.271s] INFO:colcon.colcon_core.shell:Creating package script '/home/luo/rdog/ros2con_rl/install/rl_quadruped_controller/share/rl_quadruped_controller/package.sh'
[16.272s] INFO:colcon.colcon_core.shell:Creating package script '/home/luo/rdog/ros2con_rl/install/rl_quadruped_controller/share/rl_quadruped_controller/package.bash'
[16.272s] INFO:colcon.colcon_core.shell:Creating package script '/home/luo/rdog/ros2con_rl/install/rl_quadruped_controller/share/rl_quadruped_controller/package.zsh'
[16.272s] Level 1:colcon.colcon_core.environment:create_file_with_runtime_dependencies(/home/luo/rdog/ros2con_rl/install/rl_quadruped_controller/share/colcon-core/packages/rl_quadruped_controller)
[16.273s] Level 1:colcon.colcon_core.environment:create_environment_scripts_only(rl_quadruped_controller)
[16.273s] Level 1:colcon.colcon_core.environment:checking '/home/luo/rdog/ros2con_rl/install/rl_quadruped_controller' for CMake module files
[16.273s] Level 1:colcon.colcon_core.environment:checking '/home/luo/rdog/ros2con_rl/install/rl_quadruped_controller' for CMake config files
[16.273s] Level 1:colcon.colcon_core.shell:create_environment_hook('rl_quadruped_controller', 'cmake_prefix_path')
[16.273s] INFO:colcon.colcon_core.shell:Creating environment hook '/home/luo/rdog/ros2con_rl/install/rl_quadruped_controller/share/rl_quadruped_controller/hook/cmake_prefix_path.ps1'
[16.274s] INFO:colcon.colcon_core.shell:Creating environment descriptor '/home/luo/rdog/ros2con_rl/install/rl_quadruped_controller/share/rl_quadruped_controller/hook/cmake_prefix_path.dsv'
[16.275s] INFO:colcon.colcon_core.shell:Creating environment hook '/home/luo/rdog/ros2con_rl/install/rl_quadruped_controller/share/rl_quadruped_controller/hook/cmake_prefix_path.sh'
[16.275s] Level 1:colcon.colcon_core.environment:checking '/home/luo/rdog/ros2con_rl/install/rl_quadruped_controller/lib'
[16.275s] Level 1:colcon.colcon_core.shell:create_environment_hook('rl_quadruped_controller', 'ld_library_path_lib')
[16.275s] INFO:colcon.colcon_core.shell:Creating environment hook '/home/luo/rdog/ros2con_rl/install/rl_quadruped_controller/share/rl_quadruped_controller/hook/ld_library_path_lib.ps1'
[16.276s] INFO:colcon.colcon_core.shell:Creating environment descriptor '/home/luo/rdog/ros2con_rl/install/rl_quadruped_controller/share/rl_quadruped_controller/hook/ld_library_path_lib.dsv'
[16.277s] INFO:colcon.colcon_core.shell:Creating environment hook '/home/luo/rdog/ros2con_rl/install/rl_quadruped_controller/share/rl_quadruped_controller/hook/ld_library_path_lib.sh'
[16.277s] Level 1:colcon.colcon_core.environment:checking '/home/luo/rdog/ros2con_rl/install/rl_quadruped_controller/bin'
[16.277s] Level 1:colcon.colcon_core.environment:checking '/home/luo/rdog/ros2con_rl/install/rl_quadruped_controller/lib/pkgconfig/rl_quadruped_controller.pc'
[16.277s] Level 1:colcon.colcon_core.environment:checking '/home/luo/rdog/ros2con_rl/install/rl_quadruped_controller/lib/python3.10/site-packages'
[16.277s] Level 1:colcon.colcon_core.environment:checking '/home/luo/rdog/ros2con_rl/install/rl_quadruped_controller/bin'
[16.278s] INFO:colcon.colcon_core.shell:Creating package script '/home/luo/rdog/ros2con_rl/install/rl_quadruped_controller/share/rl_quadruped_controller/package.ps1'
[16.278s] INFO:colcon.colcon_core.shell:Creating package descriptor '/home/luo/rdog/ros2con_rl/install/rl_quadruped_controller/share/rl_quadruped_controller/package.dsv'
[16.279s] INFO:colcon.colcon_core.shell:Creating package script '/home/luo/rdog/ros2con_rl/install/rl_quadruped_controller/share/rl_quadruped_controller/package.sh'
[16.280s] INFO:colcon.colcon_core.shell:Creating package script '/home/luo/rdog/ros2con_rl/install/rl_quadruped_controller/share/rl_quadruped_controller/package.bash'
[16.281s] INFO:colcon.colcon_core.shell:Creating package script '/home/luo/rdog/ros2con_rl/install/rl_quadruped_controller/share/rl_quadruped_controller/package.zsh'
[16.282s] Level 1:colcon.colcon_core.environment:create_file_with_runtime_dependencies(/home/luo/rdog/ros2con_rl/install/rl_quadruped_controller/share/colcon-core/packages/rl_quadruped_controller)
[16.283s] DEBUG:colcon.colcon_parallel_executor.executor.parallel:closing loop
[16.283s] DEBUG:colcon.colcon_parallel_executor.executor.parallel:loop closed
[16.283s] DEBUG:colcon.colcon_parallel_executor.executor.parallel:run_until_complete finished with '0'
[16.284s] DEBUG:colcon.colcon_core.event_reactor:joining thread
[16.292s] INFO:colcon.colcon_core.plugin_system:Skipping extension 'colcon_notification.desktop_notification.terminal_notifier': Not used on non-Darwin systems
[16.292s] INFO:colcon.colcon_core.plugin_system:Skipping extension 'colcon_notification.desktop_notification.win32': Not used on non-Windows systems
[16.292s] INFO:colcon.colcon_notification.desktop_notification:Sending desktop notification using 'notify2'
[16.334s] DEBUG:colcon.colcon_core.event_reactor:joined thread
[16.334s] INFO:colcon.colcon_core.shell:Creating prefix script '/home/luo/rdog/ros2con_rl/install/local_setup.ps1'
[16.335s] INFO:colcon.colcon_core.shell:Creating prefix util module '/home/luo/rdog/ros2con_rl/install/_local_setup_util_ps1.py'
[16.336s] INFO:colcon.colcon_core.shell:Creating prefix chain script '/home/luo/rdog/ros2con_rl/install/setup.ps1'
[16.337s] INFO:colcon.colcon_core.shell:Creating prefix script '/home/luo/rdog/ros2con_rl/install/local_setup.sh'
[16.337s] INFO:colcon.colcon_core.shell:Creating prefix util module '/home/luo/rdog/ros2con_rl/install/_local_setup_util_sh.py'
[16.337s] INFO:colcon.colcon_core.shell:Creating prefix chain script '/home/luo/rdog/ros2con_rl/install/setup.sh'
[16.338s] INFO:colcon.colcon_core.shell:Creating prefix script '/home/luo/rdog/ros2con_rl/install/local_setup.bash'
[16.338s] INFO:colcon.colcon_core.shell:Creating prefix chain script '/home/luo/rdog/ros2con_rl/install/setup.bash'
[16.339s] INFO:colcon.colcon_core.shell:Creating prefix script '/home/luo/rdog/ros2con_rl/install/local_setup.zsh'
[16.339s] INFO:colcon.colcon_core.shell:Creating prefix chain script '/home/luo/rdog/ros2con_rl/install/setup.zsh'
