[0.101s] DEBUG:colcon:Command line arguments: ['/usr/bin/colcon', 'build']
[0.101s] DEBUG:colcon:Parsed command line arguments: Namespace(log_base=None, log_level=None, verb_name='build', build_base='build', install_base='install', merge_install=False, symlink_install=False, test_result_base=None, continue_on_error=False, executor='parallel', parallel_workers=12, event_handlers=None, ignore_user_meta=False, metas=['./colcon.meta'], base_paths=['.'], packages_ignore=None, packages_ignore_regex=None, paths=None, packages_up_to=None, packages_up_to_regex=None, packages_above=None, packages_above_and_dependencies=None, packages_above_depth=None, packages_select_by_dep=None, packages_skip_by_dep=None, packages_skip_up_to=None, packages_select_build_failed=False, packages_skip_build_finished=False, packages_select_test_failures=False, packages_skip_test_passed=False, packages_select=None, packages_skip=None, packages_select_regex=None, packages_skip_regex=None, packages_start=None, packages_end=None, allow_overriding=[], cmake_args=None, cmake_target=None, cmake_target_skip_unavailable=False, cmake_clean_cache=False, cmake_clean_first=False, cmake_force_configure=False, ament_cmake_args=None, catkin_cmake_args=None, catkin_skip_building_tests=False, mixin_files=None, mixin=None, verb_parser=<colcon_mixin.mixin.mixin_argument.MixinArgumentDecorator object at 0x72e954354430>, verb_extension=<colcon_core.verb.build.BuildVerb object at 0x72e954327cd0>, main=<bound method BuildVerb.main of <colcon_core.verb.build.BuildVerb object at 0x72e954327cd0>>, mixin_verb=('build',))
[0.273s] Level 1:colcon.colcon_core.package_discovery:discover_packages(colcon_meta) check parameters
[0.273s] Level 1:colcon.colcon_core.package_discovery:discover_packages(recursive) check parameters
[0.273s] Level 1:colcon.colcon_core.package_discovery:discover_packages(ignore) check parameters
[0.273s] Level 1:colcon.colcon_core.package_discovery:discover_packages(path) check parameters
[0.273s] Level 1:colcon.colcon_core.package_discovery:discover_packages(colcon_meta) discover
[0.273s] Level 1:colcon.colcon_core.package_discovery:discover_packages(recursive) discover
[0.273s] INFO:colcon.colcon_core.package_discovery:Crawling recursively for packages in '/home/csl/rdog/test_ws'
[0.274s] Level 1:colcon.colcon_core.package_identification:_identify(.) by extensions ['ignore', 'ignore_ament_install']
[0.274s] Level 1:colcon.colcon_core.package_identification:_identify(.) by extension 'ignore'
[0.274s] Level 1:colcon.colcon_core.package_identification:_identify(.) by extension 'ignore_ament_install'
[0.274s] Level 1:colcon.colcon_core.package_identification:_identify(.) by extensions ['colcon_pkg']
[0.274s] Level 1:colcon.colcon_core.package_identification:_identify(.) by extension 'colcon_pkg'
[0.274s] Level 1:colcon.colcon_core.package_identification:_identify(.) by extensions ['colcon_meta']
[0.274s] Level 1:colcon.colcon_core.package_identification:_identify(.) by extension 'colcon_meta'
[0.274s] Level 1:colcon.colcon_core.package_identification:_identify(.) by extensions ['ros']
[0.274s] Level 1:colcon.colcon_core.package_identification:_identify(.) by extension 'ros'
[0.286s] Level 1:colcon.colcon_core.package_identification:_identify(.) by extensions ['cmake', 'python']
[0.286s] Level 1:colcon.colcon_core.package_identification:_identify(.) by extension 'cmake'
[0.286s] Level 1:colcon.colcon_core.package_identification:_identify(.) by extension 'python'
[0.286s] Level 1:colcon.colcon_core.package_identification:_identify(.) by extensions ['python_setup_py']
[0.286s] Level 1:colcon.colcon_core.package_identification:_identify(.) by extension 'python_setup_py'
[0.287s] Level 1:colcon.colcon_core.package_identification:_identify(build) by extensions ['ignore', 'ignore_ament_install']
[0.287s] Level 1:colcon.colcon_core.package_identification:_identify(build) by extension 'ignore'
[0.287s] Level 1:colcon.colcon_core.package_identification:_identify(build) ignored
[0.287s] Level 1:colcon.colcon_core.package_identification:_identify(install) by extensions ['ignore', 'ignore_ament_install']
[0.287s] Level 1:colcon.colcon_core.package_identification:_identify(install) by extension 'ignore'
[0.287s] Level 1:colcon.colcon_core.package_identification:_identify(install) ignored
[0.287s] Level 1:colcon.colcon_core.package_identification:_identify(log) by extensions ['ignore', 'ignore_ament_install']
[0.287s] Level 1:colcon.colcon_core.package_identification:_identify(log) by extension 'ignore'
[0.287s] Level 1:colcon.colcon_core.package_identification:_identify(log) ignored
[0.287s] Level 1:colcon.colcon_core.package_identification:_identify(src) by extensions ['ignore', 'ignore_ament_install']
[0.287s] Level 1:colcon.colcon_core.package_identification:_identify(src) by extension 'ignore'
[0.287s] Level 1:colcon.colcon_core.package_identification:_identify(src) by extension 'ignore_ament_install'
[0.287s] Level 1:colcon.colcon_core.package_identification:_identify(src) by extensions ['colcon_pkg']
[0.287s] Level 1:colcon.colcon_core.package_identification:_identify(src) by extension 'colcon_pkg'
[0.287s] Level 1:colcon.colcon_core.package_identification:_identify(src) by extensions ['colcon_meta']
[0.287s] Level 1:colcon.colcon_core.package_identification:_identify(src) by extension 'colcon_meta'
[0.287s] Level 1:colcon.colcon_core.package_identification:_identify(src) by extensions ['ros']
[0.287s] Level 1:colcon.colcon_core.package_identification:_identify(src) by extension 'ros'
[0.288s] Level 1:colcon.colcon_core.package_identification:_identify(src) by extensions ['cmake', 'python']
[0.288s] Level 1:colcon.colcon_core.package_identification:_identify(src) by extension 'cmake'
[0.288s] Level 1:colcon.colcon_core.package_identification:_identify(src) by extension 'python'
[0.288s] Level 1:colcon.colcon_core.package_identification:_identify(src) by extensions ['python_setup_py']
[0.288s] Level 1:colcon.colcon_core.package_identification:_identify(src) by extension 'python_setup_py'
[0.288s] Level 1:colcon.colcon_core.package_identification:_identify(src/hardware_unitree_mujoco) by extensions ['ignore', 'ignore_ament_install']
[0.288s] Level 1:colcon.colcon_core.package_identification:_identify(src/hardware_unitree_mujoco) by extension 'ignore'
[0.288s] Level 1:colcon.colcon_core.package_identification:_identify(src/hardware_unitree_mujoco) by extension 'ignore_ament_install'
[0.288s] Level 1:colcon.colcon_core.package_identification:_identify(src/hardware_unitree_mujoco) by extensions ['colcon_pkg']
[0.288s] Level 1:colcon.colcon_core.package_identification:_identify(src/hardware_unitree_mujoco) by extension 'colcon_pkg'
[0.288s] Level 1:colcon.colcon_core.package_identification:_identify(src/hardware_unitree_mujoco) by extensions ['colcon_meta']
[0.288s] Level 1:colcon.colcon_core.package_identification:_identify(src/hardware_unitree_mujoco) by extension 'colcon_meta'
[0.288s] Level 1:colcon.colcon_core.package_identification:_identify(src/hardware_unitree_mujoco) by extensions ['ros']
[0.288s] Level 1:colcon.colcon_core.package_identification:_identify(src/hardware_unitree_mujoco) by extension 'ros'
[0.309s] DEBUG:colcon.colcon_core.package_identification:Package 'src/hardware_unitree_mujoco' with type 'ros.ament_cmake' and name 'hardware_unitree_mujoco'
[0.309s] Level 1:colcon.colcon_core.package_identification:_identify(src/reddog_description) by extensions ['ignore', 'ignore_ament_install']
[0.309s] Level 1:colcon.colcon_core.package_identification:_identify(src/reddog_description) by extension 'ignore'
[0.310s] Level 1:colcon.colcon_core.package_identification:_identify(src/reddog_description) by extension 'ignore_ament_install'
[0.310s] Level 1:colcon.colcon_core.package_identification:_identify(src/reddog_description) by extensions ['colcon_pkg']
[0.310s] Level 1:colcon.colcon_core.package_identification:_identify(src/reddog_description) by extension 'colcon_pkg'
[0.310s] Level 1:colcon.colcon_core.package_identification:_identify(src/reddog_description) by extensions ['colcon_meta']
[0.310s] Level 1:colcon.colcon_core.package_identification:_identify(src/reddog_description) by extension 'colcon_meta'
[0.310s] Level 1:colcon.colcon_core.package_identification:_identify(src/reddog_description) by extensions ['ros']
[0.310s] Level 1:colcon.colcon_core.package_identification:_identify(src/reddog_description) by extension 'ros'
[0.310s] DEBUG:colcon.colcon_core.package_identification:Package 'src/reddog_description' with type 'ros.ament_cmake' and name 'reddog_description'
[0.310s] Level 1:colcon.colcon_core.package_identification:_identify(src/rl_quadruped_controller) by extensions ['ignore', 'ignore_ament_install']
[0.311s] Level 1:colcon.colcon_core.package_identification:_identify(src/rl_quadruped_controller) by extension 'ignore'
[0.311s] Level 1:colcon.colcon_core.package_identification:_identify(src/rl_quadruped_controller) by extension 'ignore_ament_install'
[0.311s] Level 1:colcon.colcon_core.package_identification:_identify(src/rl_quadruped_controller) by extensions ['colcon_pkg']
[0.311s] Level 1:colcon.colcon_core.package_identification:_identify(src/rl_quadruped_controller) by extension 'colcon_pkg'
[0.311s] Level 1:colcon.colcon_core.package_identification:_identify(src/rl_quadruped_controller) by extensions ['colcon_meta']
[0.311s] Level 1:colcon.colcon_core.package_identification:_identify(src/rl_quadruped_controller) by extension 'colcon_meta'
[0.311s] Level 1:colcon.colcon_core.package_identification:_identify(src/rl_quadruped_controller) by extensions ['ros']
[0.311s] Level 1:colcon.colcon_core.package_identification:_identify(src/rl_quadruped_controller) by extension 'ros'
[0.312s] DEBUG:colcon.colcon_core.package_identification:Package 'src/rl_quadruped_controller' with type 'ros.ament_cmake' and name 'rl_quadruped_controller'
[0.312s] Level 1:colcon.colcon_core.package_discovery:discover_packages(recursive) using defaults
[0.312s] Level 1:colcon.colcon_core.package_discovery:discover_packages(ignore) discover
[0.312s] Level 1:colcon.colcon_core.package_discovery:discover_packages(ignore) using defaults
[0.312s] Level 1:colcon.colcon_core.package_discovery:discover_packages(path) discover
[0.312s] Level 1:colcon.colcon_core.package_discovery:discover_packages(path) using defaults
[0.335s] Level 1:colcon.colcon_core.package_discovery:discover_packages(prefix_path) check parameters
[0.335s] Level 1:colcon.colcon_core.package_discovery:discover_packages(prefix_path) discover
[0.336s] WARNING:colcon.colcon_ros.prefix_path.ament:The path '/home/csl/rdog/test_ws/install/rl_quadruped_controller' in the environment variable AMENT_PREFIX_PATH doesn't exist
[0.336s] WARNING:colcon.colcon_ros.prefix_path.ament:The path '/home/csl/rdog/test_ws/install/reddog_description' in the environment variable AMENT_PREFIX_PATH doesn't exist
[0.336s] WARNING:colcon.colcon_ros.prefix_path.ament:The path '/home/csl/rdog/test_ws/install/hardware_unitree_mujoco' in the environment variable AMENT_PREFIX_PATH doesn't exist
[0.336s] WARNING:colcon.colcon_ros.prefix_path.catkin:The path '/home/csl/rdog/test_ws/install/rl_quadruped_controller' in the environment variable CMAKE_PREFIX_PATH doesn't exist
[0.336s] WARNING:colcon.colcon_ros.prefix_path.catkin:The path '/home/csl/rdog/test_ws/install/reddog_description' in the environment variable CMAKE_PREFIX_PATH doesn't exist
[0.336s] WARNING:colcon.colcon_ros.prefix_path.catkin:The path '/home/csl/rdog/test_ws/install/hardware_unitree_mujoco' in the environment variable CMAKE_PREFIX_PATH doesn't exist
[0.337s] DEBUG:colcon.colcon_installed_package_information.package_discovery:Found 0 installed packages in /home/csl/rdog/test_ws/install
[0.338s] DEBUG:colcon.colcon_installed_package_information.package_discovery:Found 476 installed packages in /opt/ros/humble
[0.342s] Level 1:colcon.colcon_core.package_discovery:discover_packages(prefix_path) using defaults
[0.388s] Level 5:colcon.colcon_core.verb:set package 'hardware_unitree_mujoco' build argument 'cmake_args' from command line to 'None'
[0.389s] Level 5:colcon.colcon_core.verb:set package 'hardware_unitree_mujoco' build argument 'cmake_target' from command line to 'None'
[0.389s] Level 5:colcon.colcon_core.verb:set package 'hardware_unitree_mujoco' build argument 'cmake_target_skip_unavailable' from command line to 'False'
[0.389s] Level 5:colcon.colcon_core.verb:set package 'hardware_unitree_mujoco' build argument 'cmake_clean_cache' from command line to 'False'
[0.389s] Level 5:colcon.colcon_core.verb:set package 'hardware_unitree_mujoco' build argument 'cmake_clean_first' from command line to 'False'
[0.389s] Level 5:colcon.colcon_core.verb:set package 'hardware_unitree_mujoco' build argument 'cmake_force_configure' from command line to 'False'
[0.389s] Level 5:colcon.colcon_core.verb:set package 'hardware_unitree_mujoco' build argument 'ament_cmake_args' from command line to 'None'
[0.389s] Level 5:colcon.colcon_core.verb:set package 'hardware_unitree_mujoco' build argument 'catkin_cmake_args' from command line to 'None'
[0.389s] Level 5:colcon.colcon_core.verb:set package 'hardware_unitree_mujoco' build argument 'catkin_skip_building_tests' from command line to 'False'
[0.389s] DEBUG:colcon.colcon_core.verb:Building package 'hardware_unitree_mujoco' with the following arguments: {'ament_cmake_args': None, 'build_base': '/home/csl/rdog/test_ws/build/hardware_unitree_mujoco', 'catkin_cmake_args': None, 'catkin_skip_building_tests': False, 'cmake_args': None, 'cmake_clean_cache': False, 'cmake_clean_first': False, 'cmake_force_configure': False, 'cmake_target': None, 'cmake_target_skip_unavailable': False, 'install_base': '/home/csl/rdog/test_ws/install/hardware_unitree_mujoco', 'merge_install': False, 'path': '/home/csl/rdog/test_ws/src/hardware_unitree_mujoco', 'symlink_install': False, 'test_result_base': None}
[0.389s] Level 5:colcon.colcon_core.verb:set package 'reddog_description' build argument 'cmake_args' from command line to 'None'
[0.389s] Level 5:colcon.colcon_core.verb:set package 'reddog_description' build argument 'cmake_target' from command line to 'None'
[0.389s] Level 5:colcon.colcon_core.verb:set package 'reddog_description' build argument 'cmake_target_skip_unavailable' from command line to 'False'
[0.389s] Level 5:colcon.colcon_core.verb:set package 'reddog_description' build argument 'cmake_clean_cache' from command line to 'False'
[0.389s] Level 5:colcon.colcon_core.verb:set package 'reddog_description' build argument 'cmake_clean_first' from command line to 'False'
[0.389s] Level 5:colcon.colcon_core.verb:set package 'reddog_description' build argument 'cmake_force_configure' from command line to 'False'
[0.389s] Level 5:colcon.colcon_core.verb:set package 'reddog_description' build argument 'ament_cmake_args' from command line to 'None'
[0.389s] Level 5:colcon.colcon_core.verb:set package 'reddog_description' build argument 'catkin_cmake_args' from command line to 'None'
[0.389s] Level 5:colcon.colcon_core.verb:set package 'reddog_description' build argument 'catkin_skip_building_tests' from command line to 'False'
[0.389s] DEBUG:colcon.colcon_core.verb:Building package 'reddog_description' with the following arguments: {'ament_cmake_args': None, 'build_base': '/home/csl/rdog/test_ws/build/reddog_description', 'catkin_cmake_args': None, 'catkin_skip_building_tests': False, 'cmake_args': None, 'cmake_clean_cache': False, 'cmake_clean_first': False, 'cmake_force_configure': False, 'cmake_target': None, 'cmake_target_skip_unavailable': False, 'install_base': '/home/csl/rdog/test_ws/install/reddog_description', 'merge_install': False, 'path': '/home/csl/rdog/test_ws/src/reddog_description', 'symlink_install': False, 'test_result_base': None}
[0.390s] Level 5:colcon.colcon_core.verb:set package 'rl_quadruped_controller' build argument 'cmake_args' from command line to 'None'
[0.390s] Level 5:colcon.colcon_core.verb:set package 'rl_quadruped_controller' build argument 'cmake_target' from command line to 'None'
[0.390s] Level 5:colcon.colcon_core.verb:set package 'rl_quadruped_controller' build argument 'cmake_target_skip_unavailable' from command line to 'False'
[0.390s] Level 5:colcon.colcon_core.verb:set package 'rl_quadruped_controller' build argument 'cmake_clean_cache' from command line to 'False'
[0.390s] Level 5:colcon.colcon_core.verb:set package 'rl_quadruped_controller' build argument 'cmake_clean_first' from command line to 'False'
[0.390s] Level 5:colcon.colcon_core.verb:set package 'rl_quadruped_controller' build argument 'cmake_force_configure' from command line to 'False'
[0.390s] Level 5:colcon.colcon_core.verb:set package 'rl_quadruped_controller' build argument 'ament_cmake_args' from command line to 'None'
[0.390s] Level 5:colcon.colcon_core.verb:set package 'rl_quadruped_controller' build argument 'catkin_cmake_args' from command line to 'None'
[0.390s] Level 5:colcon.colcon_core.verb:set package 'rl_quadruped_controller' build argument 'catkin_skip_building_tests' from command line to 'False'
[0.390s] DEBUG:colcon.colcon_core.verb:Building package 'rl_quadruped_controller' with the following arguments: {'ament_cmake_args': None, 'build_base': '/home/csl/rdog/test_ws/build/rl_quadruped_controller', 'catkin_cmake_args': None, 'catkin_skip_building_tests': False, 'cmake_args': None, 'cmake_clean_cache': False, 'cmake_clean_first': False, 'cmake_force_configure': False, 'cmake_target': None, 'cmake_target_skip_unavailable': False, 'install_base': '/home/csl/rdog/test_ws/install/rl_quadruped_controller', 'merge_install': False, 'path': '/home/csl/rdog/test_ws/src/rl_quadruped_controller', 'symlink_install': False, 'test_result_base': None}
[0.390s] INFO:colcon.colcon_core.executor:Executing jobs using 'parallel' executor
[0.392s] DEBUG:colcon.colcon_parallel_executor.executor.parallel:run_until_complete
[0.393s] INFO:colcon.colcon_ros.task.ament_cmake.build:Building ROS package in '/home/csl/rdog/test_ws/src/hardware_unitree_mujoco' with build type 'ament_cmake'
[0.393s] INFO:colcon.colcon_cmake.task.cmake.build:Building CMake package in '/home/csl/rdog/test_ws/src/hardware_unitree_mujoco'
[0.396s] INFO:colcon.colcon_core.plugin_system:Skipping extension 'colcon_core.shell.bat': Not used on non-Windows systems
[0.396s] INFO:colcon.colcon_core.shell:Skip shell extension 'powershell' for command environment: Not usable outside of PowerShell
[0.396s] DEBUG:colcon.colcon_core.shell:Skip shell extension 'dsv' for command environment
[0.400s] INFO:colcon.colcon_ros.task.ament_cmake.build:Building ROS package in '/home/csl/rdog/test_ws/src/reddog_description' with build type 'ament_cmake'
[0.400s] INFO:colcon.colcon_cmake.task.cmake.build:Building CMake package in '/home/csl/rdog/test_ws/src/reddog_description'
[0.400s] INFO:colcon.colcon_core.shell:Skip shell extension 'powershell' for command environment: Not usable outside of PowerShell
[0.400s] DEBUG:colcon.colcon_core.shell:Skip shell extension 'dsv' for command environment
[0.405s] INFO:colcon.colcon_ros.task.ament_cmake.build:Building ROS package in '/home/csl/rdog/test_ws/src/rl_quadruped_controller' with build type 'ament_cmake'
[0.405s] INFO:colcon.colcon_cmake.task.cmake.build:Building CMake package in '/home/csl/rdog/test_ws/src/rl_quadruped_controller'
[0.406s] INFO:colcon.colcon_core.shell:Skip shell extension 'powershell' for command environment: Not usable outside of PowerShell
[0.406s] DEBUG:colcon.colcon_core.shell:Skip shell extension 'dsv' for command environment
[0.417s] DEBUG:colcon.colcon_core.event_handler.log_command:Invoking command in '/home/csl/rdog/test_ws/build/hardware_unitree_mujoco': CMAKE_PREFIX_PATH=${CMAKE_PREFIX_PATH}:/opt/ros/humble /usr/bin/cmake /home/csl/rdog/test_ws/src/hardware_unitree_mujoco -DCMAKE_INSTALL_PREFIX=/home/csl/rdog/test_ws/install/hardware_unitree_mujoco
[0.423s] DEBUG:colcon.colcon_core.event_handler.log_command:Invoking command in '/home/csl/rdog/test_ws/build/reddog_description': CMAKE_PREFIX_PATH=${CMAKE_PREFIX_PATH}:/opt/ros/humble /usr/bin/cmake /home/csl/rdog/test_ws/src/reddog_description -DCMAKE_INSTALL_PREFIX=/home/csl/rdog/test_ws/install/reddog_description
[0.427s] DEBUG:colcon.colcon_core.event_handler.log_command:Invoking command in '/home/csl/rdog/test_ws/build/rl_quadruped_controller': CMAKE_PREFIX_PATH=${CMAKE_PREFIX_PATH}:/opt/ros/humble /usr/bin/cmake /home/csl/rdog/test_ws/src/rl_quadruped_controller -DCMAKE_INSTALL_PREFIX=/home/csl/rdog/test_ws/install/rl_quadruped_controller
[1.539s] DEBUG:colcon.colcon_core.event_handler.log_command:Invoked command in '/home/csl/rdog/test_ws/build/reddog_description' returned '0': CMAKE_PREFIX_PATH=${CMAKE_PREFIX_PATH}:/opt/ros/humble /usr/bin/cmake /home/csl/rdog/test_ws/src/reddog_description -DCMAKE_INSTALL_PREFIX=/home/csl/rdog/test_ws/install/reddog_description
[1.543s] DEBUG:colcon.colcon_core.event_handler.log_command:Invoking command in '/home/csl/rdog/test_ws/build/reddog_description': CMAKE_PREFIX_PATH=${CMAKE_PREFIX_PATH}:/opt/ros/humble /usr/bin/cmake --build /home/csl/rdog/test_ws/build/reddog_description -- -j12 -l12
[1.637s] DEBUG:colcon.colcon_core.event_handler.log_command:Invoked command in '/home/csl/rdog/test_ws/build/reddog_description' returned '0': CMAKE_PREFIX_PATH=${CMAKE_PREFIX_PATH}:/opt/ros/humble /usr/bin/cmake --build /home/csl/rdog/test_ws/build/reddog_description -- -j12 -l12
[1.663s] DEBUG:colcon.colcon_core.event_handler.log_command:Invoking command in '/home/csl/rdog/test_ws/build/reddog_description': CMAKE_PREFIX_PATH=${CMAKE_PREFIX_PATH}:/opt/ros/humble /usr/bin/cmake --install /home/csl/rdog/test_ws/build/reddog_description
[1.773s] Level 1:colcon.colcon_core.environment:create_environment_scripts_only(reddog_description)
[1.775s] DEBUG:colcon.colcon_core.event_handler.log_command:Invoked command in '/home/csl/rdog/test_ws/build/reddog_description' returned '0': CMAKE_PREFIX_PATH=${CMAKE_PREFIX_PATH}:/opt/ros/humble /usr/bin/cmake --install /home/csl/rdog/test_ws/build/reddog_description
[1.780s] Level 1:colcon.colcon_core.environment:checking '/home/csl/rdog/test_ws/install/reddog_description' for CMake module files
[1.782s] Level 1:colcon.colcon_core.environment:checking '/home/csl/rdog/test_ws/install/reddog_description' for CMake config files
[1.782s] Level 1:colcon.colcon_core.shell:create_environment_hook('reddog_description', 'cmake_prefix_path')
[1.783s] INFO:colcon.colcon_core.shell:Creating environment hook '/home/csl/rdog/test_ws/install/reddog_description/share/reddog_description/hook/cmake_prefix_path.ps1'
[1.785s] INFO:colcon.colcon_core.shell:Creating environment descriptor '/home/csl/rdog/test_ws/install/reddog_description/share/reddog_description/hook/cmake_prefix_path.dsv'
[1.785s] INFO:colcon.colcon_core.shell:Creating environment hook '/home/csl/rdog/test_ws/install/reddog_description/share/reddog_description/hook/cmake_prefix_path.sh'
[1.786s] Level 1:colcon.colcon_core.environment:checking '/home/csl/rdog/test_ws/install/reddog_description/bin'
[1.786s] Level 1:colcon.colcon_core.environment:checking '/home/csl/rdog/test_ws/install/reddog_description/lib/pkgconfig/reddog_description.pc'
[1.787s] Level 1:colcon.colcon_core.environment:checking '/home/csl/rdog/test_ws/install/reddog_description/lib/python3.10/site-packages'
[1.787s] Level 1:colcon.colcon_core.environment:checking '/home/csl/rdog/test_ws/install/reddog_description/bin'
[1.787s] INFO:colcon.colcon_core.shell:Creating package script '/home/csl/rdog/test_ws/install/reddog_description/share/reddog_description/package.ps1'
[1.789s] INFO:colcon.colcon_core.shell:Creating package descriptor '/home/csl/rdog/test_ws/install/reddog_description/share/reddog_description/package.dsv'
[1.790s] INFO:colcon.colcon_core.shell:Creating package script '/home/csl/rdog/test_ws/install/reddog_description/share/reddog_description/package.sh'
[1.791s] INFO:colcon.colcon_core.shell:Creating package script '/home/csl/rdog/test_ws/install/reddog_description/share/reddog_description/package.bash'
[1.791s] INFO:colcon.colcon_core.shell:Creating package script '/home/csl/rdog/test_ws/install/reddog_description/share/reddog_description/package.zsh'
[1.792s] Level 1:colcon.colcon_core.environment:create_file_with_runtime_dependencies(/home/csl/rdog/test_ws/install/reddog_description/share/colcon-core/packages/reddog_description)
[1.793s] Level 1:colcon.colcon_core.environment:create_environment_scripts_only(reddog_description)
[1.793s] Level 1:colcon.colcon_core.environment:checking '/home/csl/rdog/test_ws/install/reddog_description' for CMake module files
[1.794s] Level 1:colcon.colcon_core.environment:checking '/home/csl/rdog/test_ws/install/reddog_description' for CMake config files
[1.794s] Level 1:colcon.colcon_core.shell:create_environment_hook('reddog_description', 'cmake_prefix_path')
[1.795s] INFO:colcon.colcon_core.shell:Creating environment hook '/home/csl/rdog/test_ws/install/reddog_description/share/reddog_description/hook/cmake_prefix_path.ps1'
[1.798s] INFO:colcon.colcon_core.shell:Creating environment descriptor '/home/csl/rdog/test_ws/install/reddog_description/share/reddog_description/hook/cmake_prefix_path.dsv'
[1.799s] INFO:colcon.colcon_core.shell:Creating environment hook '/home/csl/rdog/test_ws/install/reddog_description/share/reddog_description/hook/cmake_prefix_path.sh'
[1.800s] Level 1:colcon.colcon_core.environment:checking '/home/csl/rdog/test_ws/install/reddog_description/bin'
[1.800s] Level 1:colcon.colcon_core.environment:checking '/home/csl/rdog/test_ws/install/reddog_description/lib/pkgconfig/reddog_description.pc'
[1.800s] Level 1:colcon.colcon_core.environment:checking '/home/csl/rdog/test_ws/install/reddog_description/lib/python3.10/site-packages'
[1.801s] Level 1:colcon.colcon_core.environment:checking '/home/csl/rdog/test_ws/install/reddog_description/bin'
[1.801s] INFO:colcon.colcon_core.shell:Creating package script '/home/csl/rdog/test_ws/install/reddog_description/share/reddog_description/package.ps1'
[1.802s] INFO:colcon.colcon_core.shell:Creating package descriptor '/home/csl/rdog/test_ws/install/reddog_description/share/reddog_description/package.dsv'
[1.802s] INFO:colcon.colcon_core.shell:Creating package script '/home/csl/rdog/test_ws/install/reddog_description/share/reddog_description/package.sh'
[1.803s] INFO:colcon.colcon_core.shell:Creating package script '/home/csl/rdog/test_ws/install/reddog_description/share/reddog_description/package.bash'
[1.803s] INFO:colcon.colcon_core.shell:Creating package script '/home/csl/rdog/test_ws/install/reddog_description/share/reddog_description/package.zsh'
[1.804s] Level 1:colcon.colcon_core.environment:create_file_with_runtime_dependencies(/home/csl/rdog/test_ws/install/reddog_description/share/colcon-core/packages/reddog_description)
[2.777s] DEBUG:colcon.colcon_core.event_handler.log_command:Invoked command in '/home/csl/rdog/test_ws/build/hardware_unitree_mujoco' returned '0': CMAKE_PREFIX_PATH=${CMAKE_PREFIX_PATH}:/opt/ros/humble /usr/bin/cmake /home/csl/rdog/test_ws/src/hardware_unitree_mujoco -DCMAKE_INSTALL_PREFIX=/home/csl/rdog/test_ws/install/hardware_unitree_mujoco
[2.780s] DEBUG:colcon.colcon_core.event_handler.log_command:Invoking command in '/home/csl/rdog/test_ws/build/hardware_unitree_mujoco': CMAKE_PREFIX_PATH=${CMAKE_PREFIX_PATH}:/opt/ros/humble /usr/bin/cmake --build /home/csl/rdog/test_ws/build/hardware_unitree_mujoco -- -j12 -l12
[2.905s] DEBUG:colcon.colcon_core.event_handler.log_command:Invoked command in '/home/csl/rdog/test_ws/build/rl_quadruped_controller' returned '0': CMAKE_PREFIX_PATH=${CMAKE_PREFIX_PATH}:/opt/ros/humble /usr/bin/cmake /home/csl/rdog/test_ws/src/rl_quadruped_controller -DCMAKE_INSTALL_PREFIX=/home/csl/rdog/test_ws/install/rl_quadruped_controller
[2.909s] DEBUG:colcon.colcon_core.event_handler.log_command:Invoking command in '/home/csl/rdog/test_ws/build/rl_quadruped_controller': CMAKE_PREFIX_PATH=${CMAKE_PREFIX_PATH}:/opt/ros/humble /usr/bin/cmake --build /home/csl/rdog/test_ws/build/rl_quadruped_controller -- -j12 -l12
[12.156s] DEBUG:colcon.colcon_core.event_handler.log_command:Invoked command in '/home/csl/rdog/test_ws/build/hardware_unitree_mujoco' returned '0': CMAKE_PREFIX_PATH=${CMAKE_PREFIX_PATH}:/opt/ros/humble /usr/bin/cmake --build /home/csl/rdog/test_ws/build/hardware_unitree_mujoco -- -j12 -l12
[12.159s] DEBUG:colcon.colcon_core.event_handler.log_command:Invoking command in '/home/csl/rdog/test_ws/build/hardware_unitree_mujoco': CMAKE_PREFIX_PATH=${CMAKE_PREFIX_PATH}:/opt/ros/humble /usr/bin/cmake --install /home/csl/rdog/test_ws/build/hardware_unitree_mujoco
[12.204s] Level 1:colcon.colcon_core.environment:create_environment_scripts_only(hardware_unitree_mujoco)
[12.205s] DEBUG:colcon.colcon_core.event_handler.log_command:Invoked command in '/home/csl/rdog/test_ws/build/hardware_unitree_mujoco' returned '0': CMAKE_PREFIX_PATH=${CMAKE_PREFIX_PATH}:/opt/ros/humble /usr/bin/cmake --install /home/csl/rdog/test_ws/build/hardware_unitree_mujoco
[12.206s] Level 1:colcon.colcon_core.environment:checking '/home/csl/rdog/test_ws/install/hardware_unitree_mujoco' for CMake module files
[12.206s] Level 1:colcon.colcon_core.environment:checking '/home/csl/rdog/test_ws/install/hardware_unitree_mujoco' for CMake config files
[12.207s] Level 1:colcon.colcon_core.shell:create_environment_hook('hardware_unitree_mujoco', 'cmake_prefix_path')
[12.207s] INFO:colcon.colcon_core.shell:Creating environment hook '/home/csl/rdog/test_ws/install/hardware_unitree_mujoco/share/hardware_unitree_mujoco/hook/cmake_prefix_path.ps1'
[12.208s] INFO:colcon.colcon_core.shell:Creating environment descriptor '/home/csl/rdog/test_ws/install/hardware_unitree_mujoco/share/hardware_unitree_mujoco/hook/cmake_prefix_path.dsv'
[12.208s] INFO:colcon.colcon_core.shell:Creating environment hook '/home/csl/rdog/test_ws/install/hardware_unitree_mujoco/share/hardware_unitree_mujoco/hook/cmake_prefix_path.sh'
[12.209s] Level 1:colcon.colcon_core.environment:checking '/home/csl/rdog/test_ws/install/hardware_unitree_mujoco/lib'
[12.209s] Level 1:colcon.colcon_core.shell:create_environment_hook('hardware_unitree_mujoco', 'ld_library_path_lib')
[12.209s] INFO:colcon.colcon_core.shell:Creating environment hook '/home/csl/rdog/test_ws/install/hardware_unitree_mujoco/share/hardware_unitree_mujoco/hook/ld_library_path_lib.ps1'
[12.210s] INFO:colcon.colcon_core.shell:Creating environment descriptor '/home/csl/rdog/test_ws/install/hardware_unitree_mujoco/share/hardware_unitree_mujoco/hook/ld_library_path_lib.dsv'
[12.210s] INFO:colcon.colcon_core.shell:Creating environment hook '/home/csl/rdog/test_ws/install/hardware_unitree_mujoco/share/hardware_unitree_mujoco/hook/ld_library_path_lib.sh'
[12.211s] Level 1:colcon.colcon_core.environment:checking '/home/csl/rdog/test_ws/install/hardware_unitree_mujoco/bin'
[12.211s] Level 1:colcon.colcon_core.environment:checking '/home/csl/rdog/test_ws/install/hardware_unitree_mujoco/lib/pkgconfig/hardware_unitree_mujoco.pc'
[12.211s] Level 1:colcon.colcon_core.environment:checking '/home/csl/rdog/test_ws/install/hardware_unitree_mujoco/lib/python3.10/site-packages'
[12.211s] Level 1:colcon.colcon_core.environment:checking '/home/csl/rdog/test_ws/install/hardware_unitree_mujoco/bin'
[12.212s] INFO:colcon.colcon_core.shell:Creating package script '/home/csl/rdog/test_ws/install/hardware_unitree_mujoco/share/hardware_unitree_mujoco/package.ps1'
[12.213s] INFO:colcon.colcon_core.shell:Creating package descriptor '/home/csl/rdog/test_ws/install/hardware_unitree_mujoco/share/hardware_unitree_mujoco/package.dsv'
[12.214s] INFO:colcon.colcon_core.shell:Creating package script '/home/csl/rdog/test_ws/install/hardware_unitree_mujoco/share/hardware_unitree_mujoco/package.sh'
[12.215s] INFO:colcon.colcon_core.shell:Creating package script '/home/csl/rdog/test_ws/install/hardware_unitree_mujoco/share/hardware_unitree_mujoco/package.bash'
[12.215s] INFO:colcon.colcon_core.shell:Creating package script '/home/csl/rdog/test_ws/install/hardware_unitree_mujoco/share/hardware_unitree_mujoco/package.zsh'
[12.216s] Level 1:colcon.colcon_core.environment:create_file_with_runtime_dependencies(/home/csl/rdog/test_ws/install/hardware_unitree_mujoco/share/colcon-core/packages/hardware_unitree_mujoco)
[12.217s] Level 1:colcon.colcon_core.environment:create_environment_scripts_only(hardware_unitree_mujoco)
[12.217s] Level 1:colcon.colcon_core.environment:checking '/home/csl/rdog/test_ws/install/hardware_unitree_mujoco' for CMake module files
[12.217s] Level 1:colcon.colcon_core.environment:checking '/home/csl/rdog/test_ws/install/hardware_unitree_mujoco' for CMake config files
[12.218s] Level 1:colcon.colcon_core.shell:create_environment_hook('hardware_unitree_mujoco', 'cmake_prefix_path')
[12.218s] INFO:colcon.colcon_core.shell:Creating environment hook '/home/csl/rdog/test_ws/install/hardware_unitree_mujoco/share/hardware_unitree_mujoco/hook/cmake_prefix_path.ps1'
[12.219s] INFO:colcon.colcon_core.shell:Creating environment descriptor '/home/csl/rdog/test_ws/install/hardware_unitree_mujoco/share/hardware_unitree_mujoco/hook/cmake_prefix_path.dsv'
[12.219s] INFO:colcon.colcon_core.shell:Creating environment hook '/home/csl/rdog/test_ws/install/hardware_unitree_mujoco/share/hardware_unitree_mujoco/hook/cmake_prefix_path.sh'
[12.220s] Level 1:colcon.colcon_core.environment:checking '/home/csl/rdog/test_ws/install/hardware_unitree_mujoco/lib'
[12.220s] Level 1:colcon.colcon_core.shell:create_environment_hook('hardware_unitree_mujoco', 'ld_library_path_lib')
[12.220s] INFO:colcon.colcon_core.shell:Creating environment hook '/home/csl/rdog/test_ws/install/hardware_unitree_mujoco/share/hardware_unitree_mujoco/hook/ld_library_path_lib.ps1'
[12.221s] INFO:colcon.colcon_core.shell:Creating environment descriptor '/home/csl/rdog/test_ws/install/hardware_unitree_mujoco/share/hardware_unitree_mujoco/hook/ld_library_path_lib.dsv'
[12.221s] INFO:colcon.colcon_core.shell:Creating environment hook '/home/csl/rdog/test_ws/install/hardware_unitree_mujoco/share/hardware_unitree_mujoco/hook/ld_library_path_lib.sh'
[12.221s] Level 1:colcon.colcon_core.environment:checking '/home/csl/rdog/test_ws/install/hardware_unitree_mujoco/bin'
[12.221s] Level 1:colcon.colcon_core.environment:checking '/home/csl/rdog/test_ws/install/hardware_unitree_mujoco/lib/pkgconfig/hardware_unitree_mujoco.pc'
[12.222s] Level 1:colcon.colcon_core.environment:checking '/home/csl/rdog/test_ws/install/hardware_unitree_mujoco/lib/python3.10/site-packages'
[12.222s] Level 1:colcon.colcon_core.environment:checking '/home/csl/rdog/test_ws/install/hardware_unitree_mujoco/bin'
[12.222s] INFO:colcon.colcon_core.shell:Creating package script '/home/csl/rdog/test_ws/install/hardware_unitree_mujoco/share/hardware_unitree_mujoco/package.ps1'
[12.223s] INFO:colcon.colcon_core.shell:Creating package descriptor '/home/csl/rdog/test_ws/install/hardware_unitree_mujoco/share/hardware_unitree_mujoco/package.dsv'
[12.224s] INFO:colcon.colcon_core.shell:Creating package script '/home/csl/rdog/test_ws/install/hardware_unitree_mujoco/share/hardware_unitree_mujoco/package.sh'
[12.224s] INFO:colcon.colcon_core.shell:Creating package script '/home/csl/rdog/test_ws/install/hardware_unitree_mujoco/share/hardware_unitree_mujoco/package.bash'
[12.224s] INFO:colcon.colcon_core.shell:Creating package script '/home/csl/rdog/test_ws/install/hardware_unitree_mujoco/share/hardware_unitree_mujoco/package.zsh'
[12.225s] Level 1:colcon.colcon_core.environment:create_file_with_runtime_dependencies(/home/csl/rdog/test_ws/install/hardware_unitree_mujoco/share/colcon-core/packages/hardware_unitree_mujoco)
[30.114s] DEBUG:colcon.colcon_core.event_handler.log_command:Invoked command in '/home/csl/rdog/test_ws/build/rl_quadruped_controller' returned '0': CMAKE_PREFIX_PATH=${CMAKE_PREFIX_PATH}:/opt/ros/humble /usr/bin/cmake --build /home/csl/rdog/test_ws/build/rl_quadruped_controller -- -j12 -l12
[30.117s] DEBUG:colcon.colcon_core.event_handler.log_command:Invoking command in '/home/csl/rdog/test_ws/build/rl_quadruped_controller': CMAKE_PREFIX_PATH=${CMAKE_PREFIX_PATH}:/opt/ros/humble /usr/bin/cmake --install /home/csl/rdog/test_ws/build/rl_quadruped_controller
[30.144s] Level 1:colcon.colcon_core.environment:create_environment_scripts_only(rl_quadruped_controller)
[30.145s] Level 1:colcon.colcon_core.environment:checking '/home/csl/rdog/test_ws/install/rl_quadruped_controller' for CMake module files
[30.146s] DEBUG:colcon.colcon_core.event_handler.log_command:Invoked command in '/home/csl/rdog/test_ws/build/rl_quadruped_controller' returned '0': CMAKE_PREFIX_PATH=${CMAKE_PREFIX_PATH}:/opt/ros/humble /usr/bin/cmake --install /home/csl/rdog/test_ws/build/rl_quadruped_controller
[30.146s] Level 1:colcon.colcon_core.environment:checking '/home/csl/rdog/test_ws/install/rl_quadruped_controller' for CMake config files
[30.146s] Level 1:colcon.colcon_core.shell:create_environment_hook('rl_quadruped_controller', 'cmake_prefix_path')
[30.147s] INFO:colcon.colcon_core.shell:Creating environment hook '/home/csl/rdog/test_ws/install/rl_quadruped_controller/share/rl_quadruped_controller/hook/cmake_prefix_path.ps1'
[30.147s] INFO:colcon.colcon_core.shell:Creating environment descriptor '/home/csl/rdog/test_ws/install/rl_quadruped_controller/share/rl_quadruped_controller/hook/cmake_prefix_path.dsv'
[30.148s] INFO:colcon.colcon_core.shell:Creating environment hook '/home/csl/rdog/test_ws/install/rl_quadruped_controller/share/rl_quadruped_controller/hook/cmake_prefix_path.sh'
[30.148s] Level 1:colcon.colcon_core.environment:checking '/home/csl/rdog/test_ws/install/rl_quadruped_controller/lib'
[30.148s] Level 1:colcon.colcon_core.shell:create_environment_hook('rl_quadruped_controller', 'ld_library_path_lib')
[30.149s] INFO:colcon.colcon_core.shell:Creating environment hook '/home/csl/rdog/test_ws/install/rl_quadruped_controller/share/rl_quadruped_controller/hook/ld_library_path_lib.ps1'
[30.149s] INFO:colcon.colcon_core.shell:Creating environment descriptor '/home/csl/rdog/test_ws/install/rl_quadruped_controller/share/rl_quadruped_controller/hook/ld_library_path_lib.dsv'
[30.149s] INFO:colcon.colcon_core.shell:Creating environment hook '/home/csl/rdog/test_ws/install/rl_quadruped_controller/share/rl_quadruped_controller/hook/ld_library_path_lib.sh'
[30.150s] Level 1:colcon.colcon_core.environment:checking '/home/csl/rdog/test_ws/install/rl_quadruped_controller/bin'
[30.150s] Level 1:colcon.colcon_core.environment:checking '/home/csl/rdog/test_ws/install/rl_quadruped_controller/lib/pkgconfig/rl_quadruped_controller.pc'
[30.151s] Level 1:colcon.colcon_core.environment:checking '/home/csl/rdog/test_ws/install/rl_quadruped_controller/lib/python3.10/site-packages'
[30.151s] Level 1:colcon.colcon_core.environment:checking '/home/csl/rdog/test_ws/install/rl_quadruped_controller/bin'
[30.151s] INFO:colcon.colcon_core.shell:Creating package script '/home/csl/rdog/test_ws/install/rl_quadruped_controller/share/rl_quadruped_controller/package.ps1'
[30.152s] INFO:colcon.colcon_core.shell:Creating package descriptor '/home/csl/rdog/test_ws/install/rl_quadruped_controller/share/rl_quadruped_controller/package.dsv'
[30.153s] INFO:colcon.colcon_core.shell:Creating package script '/home/csl/rdog/test_ws/install/rl_quadruped_controller/share/rl_quadruped_controller/package.sh'
[30.153s] INFO:colcon.colcon_core.shell:Creating package script '/home/csl/rdog/test_ws/install/rl_quadruped_controller/share/rl_quadruped_controller/package.bash'
[30.154s] INFO:colcon.colcon_core.shell:Creating package script '/home/csl/rdog/test_ws/install/rl_quadruped_controller/share/rl_quadruped_controller/package.zsh'
[30.154s] Level 1:colcon.colcon_core.environment:create_file_with_runtime_dependencies(/home/csl/rdog/test_ws/install/rl_quadruped_controller/share/colcon-core/packages/rl_quadruped_controller)
[30.155s] Level 1:colcon.colcon_core.environment:create_environment_scripts_only(rl_quadruped_controller)
[30.155s] Level 1:colcon.colcon_core.environment:checking '/home/csl/rdog/test_ws/install/rl_quadruped_controller' for CMake module files
[30.155s] Level 1:colcon.colcon_core.environment:checking '/home/csl/rdog/test_ws/install/rl_quadruped_controller' for CMake config files
[30.156s] Level 1:colcon.colcon_core.shell:create_environment_hook('rl_quadruped_controller', 'cmake_prefix_path')
[30.156s] INFO:colcon.colcon_core.shell:Creating environment hook '/home/csl/rdog/test_ws/install/rl_quadruped_controller/share/rl_quadruped_controller/hook/cmake_prefix_path.ps1'
[30.156s] INFO:colcon.colcon_core.shell:Creating environment descriptor '/home/csl/rdog/test_ws/install/rl_quadruped_controller/share/rl_quadruped_controller/hook/cmake_prefix_path.dsv'
[30.157s] INFO:colcon.colcon_core.shell:Creating environment hook '/home/csl/rdog/test_ws/install/rl_quadruped_controller/share/rl_quadruped_controller/hook/cmake_prefix_path.sh'
[30.157s] Level 1:colcon.colcon_core.environment:checking '/home/csl/rdog/test_ws/install/rl_quadruped_controller/lib'
[30.157s] Level 1:colcon.colcon_core.shell:create_environment_hook('rl_quadruped_controller', 'ld_library_path_lib')
[30.158s] INFO:colcon.colcon_core.shell:Creating environment hook '/home/csl/rdog/test_ws/install/rl_quadruped_controller/share/rl_quadruped_controller/hook/ld_library_path_lib.ps1'
[30.158s] INFO:colcon.colcon_core.shell:Creating environment descriptor '/home/csl/rdog/test_ws/install/rl_quadruped_controller/share/rl_quadruped_controller/hook/ld_library_path_lib.dsv'
[30.158s] INFO:colcon.colcon_core.shell:Creating environment hook '/home/csl/rdog/test_ws/install/rl_quadruped_controller/share/rl_quadruped_controller/hook/ld_library_path_lib.sh'
[30.159s] Level 1:colcon.colcon_core.environment:checking '/home/csl/rdog/test_ws/install/rl_quadruped_controller/bin'
[30.159s] Level 1:colcon.colcon_core.environment:checking '/home/csl/rdog/test_ws/install/rl_quadruped_controller/lib/pkgconfig/rl_quadruped_controller.pc'
[30.159s] Level 1:colcon.colcon_core.environment:checking '/home/csl/rdog/test_ws/install/rl_quadruped_controller/lib/python3.10/site-packages'
[30.159s] Level 1:colcon.colcon_core.environment:checking '/home/csl/rdog/test_ws/install/rl_quadruped_controller/bin'
[30.160s] INFO:colcon.colcon_core.shell:Creating package script '/home/csl/rdog/test_ws/install/rl_quadruped_controller/share/rl_quadruped_controller/package.ps1'
[30.160s] INFO:colcon.colcon_core.shell:Creating package descriptor '/home/csl/rdog/test_ws/install/rl_quadruped_controller/share/rl_quadruped_controller/package.dsv'
[30.161s] INFO:colcon.colcon_core.shell:Creating package script '/home/csl/rdog/test_ws/install/rl_quadruped_controller/share/rl_quadruped_controller/package.sh'
[30.161s] INFO:colcon.colcon_core.shell:Creating package script '/home/csl/rdog/test_ws/install/rl_quadruped_controller/share/rl_quadruped_controller/package.bash'
[30.162s] INFO:colcon.colcon_core.shell:Creating package script '/home/csl/rdog/test_ws/install/rl_quadruped_controller/share/rl_quadruped_controller/package.zsh'
[30.162s] Level 1:colcon.colcon_core.environment:create_file_with_runtime_dependencies(/home/csl/rdog/test_ws/install/rl_quadruped_controller/share/colcon-core/packages/rl_quadruped_controller)
[30.162s] DEBUG:colcon.colcon_parallel_executor.executor.parallel:closing loop
[30.163s] DEBUG:colcon.colcon_parallel_executor.executor.parallel:loop closed
[30.163s] DEBUG:colcon.colcon_parallel_executor.executor.parallel:run_until_complete finished with '0'
[30.164s] DEBUG:colcon.colcon_core.event_reactor:joining thread
[30.170s] INFO:colcon.colcon_core.plugin_system:Skipping extension 'colcon_notification.desktop_notification.terminal_notifier': Not used on non-Darwin systems
[30.171s] INFO:colcon.colcon_core.plugin_system:Skipping extension 'colcon_notification.desktop_notification.win32': Not used on non-Windows systems
[30.171s] INFO:colcon.colcon_notification.desktop_notification:Sending desktop notification using 'notify2'
[30.199s] DEBUG:colcon.colcon_core.event_reactor:joined thread
[30.201s] INFO:colcon.colcon_core.shell:Creating prefix script '/home/csl/rdog/test_ws/install/local_setup.ps1'
[30.203s] INFO:colcon.colcon_core.shell:Creating prefix util module '/home/csl/rdog/test_ws/install/_local_setup_util_ps1.py'
[30.204s] INFO:colcon.colcon_core.shell:Creating prefix chain script '/home/csl/rdog/test_ws/install/setup.ps1'
[30.206s] INFO:colcon.colcon_core.shell:Creating prefix script '/home/csl/rdog/test_ws/install/local_setup.sh'
[30.206s] INFO:colcon.colcon_core.shell:Creating prefix util module '/home/csl/rdog/test_ws/install/_local_setup_util_sh.py'
[30.207s] INFO:colcon.colcon_core.shell:Creating prefix chain script '/home/csl/rdog/test_ws/install/setup.sh'
[30.208s] INFO:colcon.colcon_core.shell:Creating prefix script '/home/csl/rdog/test_ws/install/local_setup.bash'
[30.209s] INFO:colcon.colcon_core.shell:Creating prefix chain script '/home/csl/rdog/test_ws/install/setup.bash'
[30.210s] INFO:colcon.colcon_core.shell:Creating prefix script '/home/csl/rdog/test_ws/install/local_setup.zsh'
[30.210s] INFO:colcon.colcon_core.shell:Creating prefix chain script '/home/csl/rdog/test_ws/install/setup.zsh'
