[0.034s] Invoking command in '/home/luo/rdog/ros2con_rl/build/rl_quadruped_controller': CMAKE_PREFIX_PATH=${CMAKE_PREFIX_PATH}:/opt/ros/humble /usr/bin/cmake /home/luo/rdog/ros2con_rl/src/rl_quadruped_controller -DCMAKE_INSTALL_PREFIX=/home/luo/rdog/ros2con_rl/install/rl_quadruped_controller
[0.095s] -- The C compiler identification is GNU 11.4.0
[0.177s] -- The CXX compiler identification is GNU 11.4.0
[0.183s] -- Detecting C compiler ABI info
[0.294s] -- Detecting C compiler ABI info - done
[0.302s] -- Check for working C compiler: /usr/bin/cc - skipped
[0.302s] -- Detecting C compile features
[0.302s] -- Detecting C compile features - done
[0.304s] -- Detecting CXX compiler ABI info
[0.420s] -- Detecting CXX compiler ABI info - done
[0.437s] -- Check for working CXX compiler: /usr/bin/c++ - skipped
[0.437s] -- Detecting CXX compile features
[0.437s] -- Detecting CXX compile features - done
[0.453s] -- Found ament_cmake: 1.3.11 (/opt/ros/humble/share/ament_cmake/cmake)
[0.581s] -- Found Python3: /usr/bin/python3 (found version "3.10.12") found components: Interpreter 
[0.639s] -- Found rclcpp: 16.0.12 (/opt/ros/humble/share/rclcpp/cmake)
[0.667s] -- Found rosidl_generator_c: 3.1.6 (/opt/ros/humble/share/rosidl_generator_c/cmake)
[0.670s] -- Found rosidl_adapter: 3.1.6 (/opt/ros/humble/share/rosidl_adapter/cmake)
[0.675s] -- Found rosidl_generator_cpp: 3.1.6 (/opt/ros/humble/share/rosidl_generator_cpp/cmake)
[0.684s] -- Using all available rosidl_typesupport_c: rosidl_typesupport_fastrtps_c;rosidl_typesupport_introspection_c
[0.696s] -- Using all available rosidl_typesupport_cpp: rosidl_typesupport_fastrtps_cpp;rosidl_typesupport_introspection_cpp
[0.733s] -- Found rmw_implementation_cmake: 6.1.2 (/opt/ros/humble/share/rmw_implementation_cmake/cmake)
[0.735s] -- Found rmw_fastrtps_cpp: 6.2.7 (/opt/ros/humble/share/rmw_fastrtps_cpp/cmake)
[0.837s] -- Found OpenSSL: /usr/lib/x86_64-linux-gnu/libcrypto.so (found version "3.0.2")  
[0.862s] -- Found FastRTPS: /opt/ros/humble/include  
[0.892s] -- Using RMW implementation 'rmw_fastrtps_cpp' as default
[0.898s] -- Looking for pthread.h
[0.988s] -- Looking for pthread.h - found
[0.989s] -- Performing Test CMAKE_HAVE_LIBC_PTHREAD
[1.071s] -- Performing Test CMAKE_HAVE_LIBC_PTHREAD - Success
[1.072s] -- Found Threads: TRUE  
[1.105s] -- Found controller_interface: 2.49.0 (/opt/ros/humble/share/controller_interface/cmake)
[1.237s] -- Found Torch: /home/luo/rdog/libtorch/lib/libtorch.so  
[1.286s] -- Configuring done
[1.308s] -- Generating done
[1.312s] -- Build files have been written to: /home/luo/rdog/ros2con_rl/build/rl_quadruped_controller
[1.323s] Invoked command in '/home/luo/rdog/ros2con_rl/build/rl_quadruped_controller' returned '0': CMAKE_PREFIX_PATH=${CMAKE_PREFIX_PATH}:/opt/ros/humble /usr/bin/cmake /home/luo/rdog/ros2con_rl/src/rl_quadruped_controller -DCMAKE_INSTALL_PREFIX=/home/luo/rdog/ros2con_rl/install/rl_quadruped_controller
[1.324s] Invoking command in '/home/luo/rdog/ros2con_rl/build/rl_quadruped_controller': CMAKE_PREFIX_PATH=${CMAKE_PREFIX_PATH}:/opt/ros/humble /usr/bin/cmake --build /home/luo/rdog/ros2con_rl/build/rl_quadruped_controller -- -j8 -l8
[1.394s] [ 50%] [32mBuilding CXX object CMakeFiles/rl_quadruped_controller.dir/src/rl_quadruped_controller.cpp.o[0m
[16.050s] [100%] [32m[1mLinking CXX shared library librl_quadruped_controller.so[0m
[16.673s] [100%] Built target rl_quadruped_controller
[16.683s] Invoked command in '/home/luo/rdog/ros2con_rl/build/rl_quadruped_controller' returned '0': CMAKE_PREFIX_PATH=${CMAKE_PREFIX_PATH}:/opt/ros/humble /usr/bin/cmake --build /home/luo/rdog/ros2con_rl/build/rl_quadruped_controller -- -j8 -l8
[16.685s] Invoking command in '/home/luo/rdog/ros2con_rl/build/rl_quadruped_controller': CMAKE_PREFIX_PATH=${CMAKE_PREFIX_PATH}:/opt/ros/humble /usr/bin/cmake --install /home/luo/rdog/ros2con_rl/build/rl_quadruped_controller
[16.691s] -- Install configuration: ""
[16.691s] -- Installing: /home/luo/rdog/ros2con_rl/install/rl_quadruped_controller/lib/librl_quadruped_controller.so
[16.697s] -- Set runtime path of "/home/luo/rdog/ros2con_rl/install/rl_quadruped_controller/lib/librl_quadruped_controller.so" to ""
[16.697s] -- Installing: /home/luo/rdog/ros2con_rl/install/rl_quadruped_controller/include/
[16.698s] -- Installing: /home/luo/rdog/ros2con_rl/install/rl_quadruped_controller/include//rl_quadruped_controller
[16.698s] -- Installing: /home/luo/rdog/ros2con_rl/install/rl_quadruped_controller/include//rl_quadruped_controller/rl_quadruped_controller.hpp
[16.698s] -- Installing: /home/luo/rdog/ros2con_rl/install/rl_quadruped_controller/share/rl_quadruped_controller/rl_quadruped_controller.xml
[16.698s] -- Installing: /home/luo/rdog/ros2con_rl/install/rl_quadruped_controller/share/rl_quadruped_controller/launch
[16.698s] -- Installing: /home/luo/rdog/ros2con_rl/install/rl_quadruped_controller/share/rl_quadruped_controller/launch/bringup.launch.py
[16.698s] -- Installing: /home/luo/rdog/ros2con_rl/install/rl_quadruped_controller/share/rl_quadruped_controller/config
[16.699s] -- Installing: /home/luo/rdog/ros2con_rl/install/rl_quadruped_controller/share/rl_quadruped_controller/config/reddog_him.yaml
[16.699s] -- Installing: /home/luo/rdog/ros2con_rl/install/rl_quadruped_controller/share/rl_quadruped_controller/config/rl_controller.yaml
[16.699s] -- Installing: /home/luo/rdog/ros2con_rl/install/rl_quadruped_controller/share/rl_quadruped_controller/pre_train
[16.699s] -- Installing: /home/luo/rdog/ros2con_rl/install/rl_quadruped_controller/share/rl_quadruped_controller/pre_train/policy_him2.pt
[16.700s] -- Installing: /home/luo/rdog/ros2con_rl/install/rl_quadruped_controller/share/rl_quadruped_controller/package.xml
[16.700s] -- Installing: /home/luo/rdog/ros2con_rl/install/rl_quadruped_controller/share/rl_quadruped_controller/resource/rl_quadruped_controller.xml
[16.700s] -- Installing: /home/luo/rdog/ros2con_rl/install/rl_quadruped_controller/share/ament_index/resource_index/package_run_dependencies/rl_quadruped_controller
[16.701s] -- Installing: /home/luo/rdog/ros2con_rl/install/rl_quadruped_controller/share/ament_index/resource_index/parent_prefix_path/rl_quadruped_controller
[16.701s] -- Installing: /home/luo/rdog/ros2con_rl/install/rl_quadruped_controller/share/rl_quadruped_controller/environment/ament_prefix_path.sh
[16.701s] -- Installing: /home/luo/rdog/ros2con_rl/install/rl_quadruped_controller/share/rl_quadruped_controller/environment/ament_prefix_path.dsv
[16.701s] -- Installing: /home/luo/rdog/ros2con_rl/install/rl_quadruped_controller/share/rl_quadruped_controller/environment/path.sh
[16.701s] -- Installing: /home/luo/rdog/ros2con_rl/install/rl_quadruped_controller/share/rl_quadruped_controller/environment/path.dsv
[16.701s] -- Installing: /home/luo/rdog/ros2con_rl/install/rl_quadruped_controller/share/rl_quadruped_controller/local_setup.bash
[16.702s] -- Installing: /home/luo/rdog/ros2con_rl/install/rl_quadruped_controller/share/rl_quadruped_controller/local_setup.sh
[16.702s] -- Installing: /home/luo/rdog/ros2con_rl/install/rl_quadruped_controller/share/rl_quadruped_controller/local_setup.zsh
[16.702s] -- Installing: /home/luo/rdog/ros2con_rl/install/rl_quadruped_controller/share/rl_quadruped_controller/local_setup.dsv
[16.702s] -- Installing: /home/luo/rdog/ros2con_rl/install/rl_quadruped_controller/share/rl_quadruped_controller/package.dsv
[16.702s] -- Installing: /home/luo/rdog/ros2con_rl/install/rl_quadruped_controller/share/ament_index/resource_index/packages/rl_quadruped_controller
[16.702s] -- Installing: /home/luo/rdog/ros2con_rl/install/rl_quadruped_controller/share/ament_index/resource_index/controller_interface__pluginlib__plugin/rl_quadruped_controller
[16.703s] -- Installing: /home/luo/rdog/ros2con_rl/install/rl_quadruped_controller/share/rl_quadruped_controller/cmake/rl_quadruped_controllerConfig.cmake
[16.703s] -- Installing: /home/luo/rdog/ros2con_rl/install/rl_quadruped_controller/share/rl_quadruped_controller/cmake/rl_quadruped_controllerConfig-version.cmake
[16.703s] -- Up-to-date: /home/luo/rdog/ros2con_rl/install/rl_quadruped_controller/share/rl_quadruped_controller/package.xml
[16.706s] Invoked command in '/home/luo/rdog/ros2con_rl/build/rl_quadruped_controller' returned '0': CMAKE_PREFIX_PATH=${CMAKE_PREFIX_PATH}:/opt/ros/humble /usr/bin/cmake --install /home/luo/rdog/ros2con_rl/build/rl_quadruped_controller
