[0.022s] Invoking command in '/home/csl/rdog/test_ws/build/rl_quadruped_controller': CMAKE_PREFIX_PATH=${CMAKE_PREFIX_PATH}:/opt/ros/humble /usr/bin/cmake /home/csl/rdog/test_ws/src/rl_quadruped_controller -DCMAKE_INSTALL_PREFIX=/home/csl/rdog/test_ws/install/rl_quadruped_controller
[0.097s] -- The C compiler identification is GNU 11.4.0
[0.191s] -- The CXX compiler identification is GNU 11.4.0
[0.203s] -- Detecting C compiler ABI info
[0.326s] -- Detecting C compiler ABI info - done
[0.342s] -- Check for working C compiler: /usr/bin/cc - skipped
[0.342s] -- Detecting C compile features
[0.343s] -- Detecting C compile features - done
[0.350s] -- Detecting CXX compiler ABI info
[0.513s] -- Detecting CXX compiler ABI info - done
[0.523s] -- Check for working CXX compiler: /usr/bin/c++ - skipped
[0.524s] -- Detecting CXX compile features
[0.524s] -- Detecting CXX compile features - done
[0.528s] -- Found ament_cmake: 1.3.11 (/opt/ros/humble/share/ament_cmake/cmake)
[0.848s] -- Found Python3: /usr/bin/python3 (found version "3.10.12") found components: Interpreter 
[1.072s] -- Found rclcpp: 16.0.11 (/opt/ros/humble/share/rclcpp/cmake)
[1.154s] -- Found rosidl_generator_c: 3.1.6 (/opt/ros/humble/share/rosidl_generator_c/cmake)
[1.162s] -- Found rosidl_adapter: 3.1.6 (/opt/ros/humble/share/rosidl_adapter/cmake)
[1.176s] -- Found rosidl_generator_cpp: 3.1.6 (/opt/ros/humble/share/rosidl_generator_cpp/cmake)
[1.195s] -- Using all available rosidl_typesupport_c: rosidl_typesupport_fastrtps_c;rosidl_typesupport_introspection_c
[1.221s] -- Using all available rosidl_typesupport_cpp: rosidl_typesupport_fastrtps_cpp;rosidl_typesupport_introspection_cpp
[1.291s] -- Found rmw_implementation_cmake: 6.1.2 (/opt/ros/humble/share/rmw_implementation_cmake/cmake)
[1.296s] -- Found rmw_fastrtps_cpp: 6.2.7 (/opt/ros/humble/share/rmw_fastrtps_cpp/cmake)
[1.472s] -- Found OpenSSL: /usr/lib/x86_64-linux-gnu/libcrypto.so (found version "3.0.2")  
[1.526s] -- Found FastRTPS: /opt/ros/humble/include  
[1.592s] -- Using RMW implementation 'rmw_fastrtps_cpp' as default
[1.606s] -- Looking for pthread.h
[1.736s] -- Looking for pthread.h - found
[1.737s] -- Performing Test CMAKE_HAVE_LIBC_PTHREAD
[1.882s] -- Performing Test CMAKE_HAVE_LIBC_PTHREAD - Success
[1.884s] -- Found Threads: TRUE  
[2.010s] -- Found controller_interface: 2.48.0 (/opt/ros/humble/share/controller_interface/cmake)
[2.283s] -- Found Torch: /home/csl/rdog/libtorch/lib/libtorch.so  
[2.430s] -- Configuring done
[2.473s] -- Generating done
[2.480s] -- Build files have been written to: /home/csl/rdog/test_ws/build/rl_quadruped_controller
[2.499s] Invoked command in '/home/csl/rdog/test_ws/build/rl_quadruped_controller' returned '0': CMAKE_PREFIX_PATH=${CMAKE_PREFIX_PATH}:/opt/ros/humble /usr/bin/cmake /home/csl/rdog/test_ws/src/rl_quadruped_controller -DCMAKE_INSTALL_PREFIX=/home/csl/rdog/test_ws/install/rl_quadruped_controller
[2.504s] Invoking command in '/home/csl/rdog/test_ws/build/rl_quadruped_controller': CMAKE_PREFIX_PATH=${CMAKE_PREFIX_PATH}:/opt/ros/humble /usr/bin/cmake --build /home/csl/rdog/test_ws/build/rl_quadruped_controller -- -j12 -l12
[2.605s] [ 50%] [32mBuilding CXX object CMakeFiles/rl_quadruped_controller.dir/src/rl_quadruped_controller.cpp.o[0m
[28.464s] [100%] [32m[1mLinking CXX shared library librl_quadruped_controller.so[0m
[29.687s] [100%] Built target rl_quadruped_controller
[29.709s] Invoked command in '/home/csl/rdog/test_ws/build/rl_quadruped_controller' returned '0': CMAKE_PREFIX_PATH=${CMAKE_PREFIX_PATH}:/opt/ros/humble /usr/bin/cmake --build /home/csl/rdog/test_ws/build/rl_quadruped_controller -- -j12 -l12
[29.712s] Invoking command in '/home/csl/rdog/test_ws/build/rl_quadruped_controller': CMAKE_PREFIX_PATH=${CMAKE_PREFIX_PATH}:/opt/ros/humble /usr/bin/cmake --install /home/csl/rdog/test_ws/build/rl_quadruped_controller
[29.726s] -- Install configuration: ""
[29.726s] -- Installing: /home/csl/rdog/test_ws/install/rl_quadruped_controller/lib/librl_quadruped_controller.so
[29.733s] -- Set runtime path of "/home/csl/rdog/test_ws/install/rl_quadruped_controller/lib/librl_quadruped_controller.so" to ""
[29.733s] -- Installing: /home/csl/rdog/test_ws/install/rl_quadruped_controller/include/
[29.734s] -- Installing: /home/csl/rdog/test_ws/install/rl_quadruped_controller/include//rl_quadruped_controller
[29.734s] -- Installing: /home/csl/rdog/test_ws/install/rl_quadruped_controller/include//rl_quadruped_controller/rl_quadruped_controller.hpp
[29.734s] -- Installing: /home/csl/rdog/test_ws/install/rl_quadruped_controller/share/rl_quadruped_controller/rl_quadruped_controller.xml
[29.734s] -- Installing: /home/csl/rdog/test_ws/install/rl_quadruped_controller/share/rl_quadruped_controller/launch
[29.734s] -- Installing: /home/csl/rdog/test_ws/install/rl_quadruped_controller/share/rl_quadruped_controller/launch/bringup.launch.py
[29.734s] -- Installing: /home/csl/rdog/test_ws/install/rl_quadruped_controller/share/rl_quadruped_controller/config
[29.734s] -- Installing: /home/csl/rdog/test_ws/install/rl_quadruped_controller/share/rl_quadruped_controller/config/reddog_him.yaml
[29.735s] -- Installing: /home/csl/rdog/test_ws/install/rl_quadruped_controller/share/rl_quadruped_controller/config/rl_controller.yaml
[29.735s] -- Installing: /home/csl/rdog/test_ws/install/rl_quadruped_controller/share/rl_quadruped_controller/pre_train
[29.736s] -- Installing: /home/csl/rdog/test_ws/install/rl_quadruped_controller/share/rl_quadruped_controller/pre_train/policy_him2.pt
[29.736s] -- Installing: /home/csl/rdog/test_ws/install/rl_quadruped_controller/share/rl_quadruped_controller/package.xml
[29.736s] -- Installing: /home/csl/rdog/test_ws/install/rl_quadruped_controller/share/rl_quadruped_controller/resource/rl_quadruped_controller.xml
[29.737s] -- Installing: /home/csl/rdog/test_ws/install/rl_quadruped_controller/share/ament_index/resource_index/package_run_dependencies/rl_quadruped_controller
[29.737s] -- Installing: /home/csl/rdog/test_ws/install/rl_quadruped_controller/share/ament_index/resource_index/parent_prefix_path/rl_quadruped_controller
[29.737s] -- Installing: /home/csl/rdog/test_ws/install/rl_quadruped_controller/share/rl_quadruped_controller/environment/ament_prefix_path.sh
[29.737s] -- Installing: /home/csl/rdog/test_ws/install/rl_quadruped_controller/share/rl_quadruped_controller/environment/ament_prefix_path.dsv
[29.737s] -- Installing: /home/csl/rdog/test_ws/install/rl_quadruped_controller/share/rl_quadruped_controller/environment/path.sh
[29.737s] -- Installing: /home/csl/rdog/test_ws/install/rl_quadruped_controller/share/rl_quadruped_controller/environment/path.dsv
[29.738s] -- Installing: /home/csl/rdog/test_ws/install/rl_quadruped_controller/share/rl_quadruped_controller/local_setup.bash
[29.738s] -- Installing: /home/csl/rdog/test_ws/install/rl_quadruped_controller/share/rl_quadruped_controller/local_setup.sh
[29.738s] -- Installing: /home/csl/rdog/test_ws/install/rl_quadruped_controller/share/rl_quadruped_controller/local_setup.zsh
[29.738s] -- Installing: /home/csl/rdog/test_ws/install/rl_quadruped_controller/share/rl_quadruped_controller/local_setup.dsv
[29.738s] -- Installing: /home/csl/rdog/test_ws/install/rl_quadruped_controller/share/rl_quadruped_controller/package.dsv
[29.738s] -- Installing: /home/csl/rdog/test_ws/install/rl_quadruped_controller/share/ament_index/resource_index/packages/rl_quadruped_controller
[29.738s] -- Installing: /home/csl/rdog/test_ws/install/rl_quadruped_controller/share/ament_index/resource_index/controller_interface__pluginlib__plugin/rl_quadruped_controller
[29.738s] -- Installing: /home/csl/rdog/test_ws/install/rl_quadruped_controller/share/rl_quadruped_controller/cmake/rl_quadruped_controllerConfig.cmake
[29.739s] -- Installing: /home/csl/rdog/test_ws/install/rl_quadruped_controller/share/rl_quadruped_controller/cmake/rl_quadruped_controllerConfig-version.cmake
[29.739s] -- Up-to-date: /home/csl/rdog/test_ws/install/rl_quadruped_controller/share/rl_quadruped_controller/package.xml
[29.740s] Invoked command in '/home/csl/rdog/test_ws/build/rl_quadruped_controller' returned '0': CMAKE_PREFIX_PATH=${CMAKE_PREFIX_PATH}:/opt/ros/humble /usr/bin/cmake --install /home/csl/rdog/test_ws/build/rl_quadruped_controller
