[0.037s] Invoking command in '/home/luo/rdog/ros2con_rl/build/rl_quadruped_controller': CMAKE_PREFIX_PATH=${CMAKE_PREFIX_PATH}:/opt/ros/humble /usr/bin/cmake /home/luo/rdog/ros2con_rl/src/rl_quadruped_controller -DCMAKE_INSTALL_PREFIX=/home/luo/rdog/ros2con_rl/install/rl_quadruped_controller
[0.090s] -- The C compiler identification is GNU 11.4.0
[0.158s] -- The CXX compiler identification is GNU 11.4.0
[0.166s] -- Detecting C compiler ABI info
[0.255s] -- Detecting C compiler ABI info - done
[0.260s] -- Check for working C compiler: /usr/bin/cc - skipped
[0.260s] -- Detecting C compile features
[0.261s] -- Detecting C compile features - done
[0.262s] -- Detecting CXX compiler ABI info
[0.340s] -- Detecting CXX compiler ABI info - done
[0.348s] -- Check for working CXX compiler: /usr/bin/c++ - skipped
[0.349s] -- Detecting CXX compile features
[0.349s] -- Detecting CXX compile features - done
[0.352s] -- Found ament_cmake: 1.3.11 (/opt/ros/humble/share/ament_cmake/cmake)
[0.469s] -- Found Python3: /usr/bin/python3 (found version "3.10.12") found components: Interpreter 
[0.537s] -- Found rclcpp: 16.0.12 (/opt/ros/humble/share/rclcpp/cmake)
[0.566s] -- Found rosidl_generator_c: 3.1.6 (/opt/ros/humble/share/rosidl_generator_c/cmake)
[0.570s] -- Found rosidl_adapter: 3.1.6 (/opt/ros/humble/share/rosidl_adapter/cmake)
[0.575s] -- Found rosidl_generator_cpp: 3.1.6 (/opt/ros/humble/share/rosidl_generator_cpp/cmake)
[0.586s] -- Using all available rosidl_typesupport_c: rosidl_typesupport_fastrtps_c;rosidl_typesupport_introspection_c
[0.598s] -- Using all available rosidl_typesupport_cpp: rosidl_typesupport_fastrtps_cpp;rosidl_typesupport_introspection_cpp
[0.647s] -- Found rmw_implementation_cmake: 6.1.2 (/opt/ros/humble/share/rmw_implementation_cmake/cmake)
[0.649s] -- Found rmw_fastrtps_cpp: 6.2.7 (/opt/ros/humble/share/rmw_fastrtps_cpp/cmake)
[0.729s] -- Found OpenSSL: /usr/lib/x86_64-linux-gnu/libcrypto.so (found version "3.0.2")  
[0.762s] -- Found FastRTPS: /opt/ros/humble/include  
[0.807s] -- Using RMW implementation 'rmw_fastrtps_cpp' as default
[0.814s] -- Looking for pthread.h
[0.894s] -- Looking for pthread.h - found
[0.894s] -- Performing Test CMAKE_HAVE_LIBC_PTHREAD
[0.985s] -- Performing Test CMAKE_HAVE_LIBC_PTHREAD - Success
[0.986s] -- Found Threads: TRUE  
[1.022s] -- Found controller_interface: 2.49.0 (/opt/ros/humble/share/controller_interface/cmake)
[1.151s] -- Found Torch: /home/luo/rdog/libtorch/lib/libtorch.so  
[1.203s] -- Configuring done
[1.227s] -- Generating done
[1.232s] -- Build files have been written to: /home/luo/rdog/ros2con_rl/build/rl_quadruped_controller
[1.245s] Invoked command in '/home/luo/rdog/ros2con_rl/build/rl_quadruped_controller' returned '0': CMAKE_PREFIX_PATH=${CMAKE_PREFIX_PATH}:/opt/ros/humble /usr/bin/cmake /home/luo/rdog/ros2con_rl/src/rl_quadruped_controller -DCMAKE_INSTALL_PREFIX=/home/luo/rdog/ros2con_rl/install/rl_quadruped_controller
[1.248s] Invoking command in '/home/luo/rdog/ros2con_rl/build/rl_quadruped_controller': CMAKE_PREFIX_PATH=${CMAKE_PREFIX_PATH}:/opt/ros/humble /usr/bin/cmake --build /home/luo/rdog/ros2con_rl/build/rl_quadruped_controller -- -j8 -l8
[1.303s] [ 50%] [32mBuilding CXX object CMakeFiles/rl_quadruped_controller.dir/src/rl_quadruped_controller.cpp.o[0m
[15.364s] [100%] [32m[1mLinking CXX shared library librl_quadruped_controller.so[0m
[15.977s] [100%] Built target rl_quadruped_controller
[15.990s] Invoked command in '/home/luo/rdog/ros2con_rl/build/rl_quadruped_controller' returned '0': CMAKE_PREFIX_PATH=${CMAKE_PREFIX_PATH}:/opt/ros/humble /usr/bin/cmake --build /home/luo/rdog/ros2con_rl/build/rl_quadruped_controller -- -j8 -l8
[15.991s] Invoking command in '/home/luo/rdog/ros2con_rl/build/rl_quadruped_controller': CMAKE_PREFIX_PATH=${CMAKE_PREFIX_PATH}:/opt/ros/humble /usr/bin/cmake --install /home/luo/rdog/ros2con_rl/build/rl_quadruped_controller
[16.002s] -- Install configuration: ""
[16.002s] -- Installing: /home/luo/rdog/ros2con_rl/install/rl_quadruped_controller/lib/librl_quadruped_controller.so
[16.017s] -- Set runtime path of "/home/luo/rdog/ros2con_rl/install/rl_quadruped_controller/lib/librl_quadruped_controller.so" to ""
[16.019s] -- Installing: /home/luo/rdog/ros2con_rl/install/rl_quadruped_controller/include/
[16.019s] -- Installing: /home/luo/rdog/ros2con_rl/install/rl_quadruped_controller/include//rl_quadruped_controller
[16.019s] -- Installing: /home/luo/rdog/ros2con_rl/install/rl_quadruped_controller/include//rl_quadruped_controller/rl_quadruped_controller.hpp
[16.024s] -- Installing: /home/luo/rdog/ros2con_rl/install/rl_quadruped_controller/share/rl_quadruped_controller/rl_quadruped_controller.xml
[16.028s] -- Installing: /home/luo/rdog/ros2con_rl/install/rl_quadruped_controller/share/rl_quadruped_controller/launch
[16.031s] -- Installing: /home/luo/rdog/ros2con_rl/install/rl_quadruped_controller/share/rl_quadruped_controller/launch/bringup.launch.py
[16.037s] -- Installing: /home/luo/rdog/ros2con_rl/install/rl_quadruped_controller/share/rl_quadruped_controller/config
[16.039s] -- Installing: /home/luo/rdog/ros2con_rl/install/rl_quadruped_controller/share/rl_quadruped_controller/config/reddog_him.yaml
[16.039s] -- Installing: /home/luo/rdog/ros2con_rl/install/rl_quadruped_controller/share/rl_quadruped_controller/config/rl_controller.yaml
[16.039s] -- Installing: /home/luo/rdog/ros2con_rl/install/rl_quadruped_controller/share/rl_quadruped_controller/pre_train
[16.039s] -- Installing: /home/luo/rdog/ros2con_rl/install/rl_quadruped_controller/share/rl_quadruped_controller/pre_train/policy_him2.pt
[16.039s] -- Installing: /home/luo/rdog/ros2con_rl/install/rl_quadruped_controller/share/rl_quadruped_controller/package.xml
[16.040s] -- Installing: /home/luo/rdog/ros2con_rl/install/rl_quadruped_controller/share/rl_quadruped_controller/resource/rl_quadruped_controller.xml
[16.040s] -- Installing: /home/luo/rdog/ros2con_rl/install/rl_quadruped_controller/share/ament_index/resource_index/package_run_dependencies/rl_quadruped_controller
[16.040s] -- Installing: /home/luo/rdog/ros2con_rl/install/rl_quadruped_controller/share/ament_index/resource_index/parent_prefix_path/rl_quadruped_controller
[16.041s] -- Installing: /home/luo/rdog/ros2con_rl/install/rl_quadruped_controller/share/rl_quadruped_controller/environment/ament_prefix_path.sh
[16.041s] -- Installing: /home/luo/rdog/ros2con_rl/install/rl_quadruped_controller/share/rl_quadruped_controller/environment/ament_prefix_path.dsv
[16.041s] -- Installing: /home/luo/rdog/ros2con_rl/install/rl_quadruped_controller/share/rl_quadruped_controller/environment/path.sh
[16.042s] -- Installing: /home/luo/rdog/ros2con_rl/install/rl_quadruped_controller/share/rl_quadruped_controller/environment/path.dsv
[16.042s] -- Installing: /home/luo/rdog/ros2con_rl/install/rl_quadruped_controller/share/rl_quadruped_controller/local_setup.bash
[16.042s] -- Installing: /home/luo/rdog/ros2con_rl/install/rl_quadruped_controller/share/rl_quadruped_controller/local_setup.sh
[16.042s] -- Installing: /home/luo/rdog/ros2con_rl/install/rl_quadruped_controller/share/rl_quadruped_controller/local_setup.zsh
[16.043s] -- Installing: /home/luo/rdog/ros2con_rl/install/rl_quadruped_controller/share/rl_quadruped_controller/local_setup.dsv
[16.043s] -- Installing: /home/luo/rdog/ros2con_rl/install/rl_quadruped_controller/share/rl_quadruped_controller/package.dsv
[16.043s] -- Installing: /home/luo/rdog/ros2con_rl/install/rl_quadruped_controller/share/ament_index/resource_index/packages/rl_quadruped_controller
[16.044s] -- Installing: /home/luo/rdog/ros2con_rl/install/rl_quadruped_controller/share/ament_index/resource_index/controller_interface__pluginlib__plugin/rl_quadruped_controller
[16.044s] -- Installing: /home/luo/rdog/ros2con_rl/install/rl_quadruped_controller/share/rl_quadruped_controller/cmake/rl_quadruped_controllerConfig.cmake
[16.044s] -- Installing: /home/luo/rdog/ros2con_rl/install/rl_quadruped_controller/share/rl_quadruped_controller/cmake/rl_quadruped_controllerConfig-version.cmake
[16.044s] -- Up-to-date: /home/luo/rdog/ros2con_rl/install/rl_quadruped_controller/share/rl_quadruped_controller/package.xml
[16.048s] Invoked command in '/home/luo/rdog/ros2con_rl/build/rl_quadruped_controller' returned '0': CMAKE_PREFIX_PATH=${CMAKE_PREFIX_PATH}:/opt/ros/humble /usr/bin/cmake --install /home/luo/rdog/ros2con_rl/build/rl_quadruped_controller
