[0.039s] Invoking command in '/home/luo/rdog/ros2con_rl/build/hardware_unitree_mujoco': CMAKE_PREFIX_PATH=${CMAKE_PREFIX_PATH}:/opt/ros/humble /usr/bin/cmake /home/luo/rdog/ros2con_rl/src/hardware_unitree_mujoco -DCMAKE_INSTALL_PREFIX=/home/luo/rdog/ros2con_rl/install/hardware_unitree_mujoco
[0.103s] -- The C compiler identification is GNU 11.4.0
[0.171s] -- The CXX compiler identification is GNU 11.4.0
[0.176s] -- Detecting C compiler ABI info
[0.262s] -- Detecting C compiler ABI info - done
[0.267s] -- Check for working C compiler: /usr/bin/cc - skipped
[0.267s] -- Detecting C compile features
[0.268s] -- Detecting C compile features - done
[0.270s] -- Detecting CXX compiler ABI info
[0.353s] -- Detecting CXX compiler ABI info - done
[0.358s] -- Check for working CXX compiler: /usr/bin/c++ - skipped
[0.358s] -- Detecting CXX compile features
[0.359s] -- Detecting CXX compile features - done
[0.359s] -- Found ament_cmake: 1.3.11 (/opt/ros/humble/share/ament_cmake/cmake)
[0.476s] -- Found Python3: /usr/bin/python3 (found version "3.10.12") found components: Interpreter 
[0.537s] -- Looking for pthread.h
[0.638s] -- Looking for pthread.h - found
[0.639s] -- Performing Test CMAKE_HAVE_LIBC_PTHREAD
[0.744s] -- Performing Test CMAKE_HAVE_LIBC_PTHREAD - Success
[0.745s] -- Found Threads: TRUE  
[0.746s] -- Found hardware_interface: 2.49.0 (/opt/ros/humble/share/hardware_interface/cmake)
[0.784s] -- Found rosidl_generator_c: 3.1.6 (/opt/ros/humble/share/rosidl_generator_c/cmake)
[0.784s] -- Found rosidl_adapter: 3.1.6 (/opt/ros/humble/share/rosidl_adapter/cmake)
[0.808s] -- Found rosidl_generator_cpp: 3.1.6 (/opt/ros/humble/share/rosidl_generator_cpp/cmake)
[0.814s] -- Using all available rosidl_typesupport_c: rosidl_typesupport_fastrtps_c;rosidl_typesupport_introspection_c
[0.825s] -- Using all available rosidl_typesupport_cpp: rosidl_typesupport_fastrtps_cpp;rosidl_typesupport_introspection_cpp
[0.982s] -- Found rmw_implementation_cmake: 6.1.2 (/opt/ros/humble/share/rmw_implementation_cmake/cmake)
[0.983s] -- Found rmw_fastrtps_cpp: 6.2.7 (/opt/ros/humble/share/rmw_fastrtps_cpp/cmake)
[1.000s] -- Found TinyXML2 via Config file: TinyXML2_DIR-NOTFOUND
[1.071s] -- Found OpenSSL: /usr/lib/x86_64-linux-gnu/libcrypto.so (found version "3.0.2")  
[1.073s] -- Found TinyXML2 via Config file: TinyXML2_DIR-NOTFOUND
[1.088s] -- Found FastRTPS: /opt/ros/humble/include  
[1.090s] -- Found TinyXML2 via Config file: TinyXML2_DIR-NOTFOUND
[1.097s] -- Found TinyXML2 via Config file: TinyXML2_DIR-NOTFOUND
[1.105s] -- Using RMW implementation 'rmw_fastrtps_cpp' as default
[1.144s] -- Found ament_lint_auto: 0.12.12 (/opt/ros/humble/share/ament_lint_auto/cmake)
[1.198s] -- Added test 'cppcheck' to perform static code analysis on C / C++ code
[1.198s] -- Configured cppcheck include dirs: $<BUILD_INTERFACE:/home/luo/rdog/ros2con_rl/src/hardware_unitree_mujoco/include>;/home/luo/rdog/ros2con_rl/src/hardware_unitree_mujoco/src
[1.198s] -- Configured cppcheck exclude dirs and/or files: 
[1.199s] -- Added test 'flake8' to check Python code syntax and style conventions
[1.200s] -- Added test 'lint_cmake' to check CMake code style
[1.200s] -- Added test 'pep257' to check Python code against some of the docstring style conventions in PEP 257
[1.201s] -- Added test 'uncrustify' to check C / C++ code style
[1.201s] -- Configured uncrustify additional arguments: 
[1.202s] -- Added test 'xmllint' to check XML markup files
[1.204s] -- Configuring done
[1.225s] -- Generating done
[1.228s] -- Build files have been written to: /home/luo/rdog/ros2con_rl/build/hardware_unitree_mujoco
[1.237s] Invoked command in '/home/luo/rdog/ros2con_rl/build/hardware_unitree_mujoco' returned '0': CMAKE_PREFIX_PATH=${CMAKE_PREFIX_PATH}:/opt/ros/humble /usr/bin/cmake /home/luo/rdog/ros2con_rl/src/hardware_unitree_mujoco -DCMAKE_INSTALL_PREFIX=/home/luo/rdog/ros2con_rl/install/hardware_unitree_mujoco
[1.239s] Invoking command in '/home/luo/rdog/ros2con_rl/build/hardware_unitree_mujoco': CMAKE_PREFIX_PATH=${CMAKE_PREFIX_PATH}:/opt/ros/humble /usr/bin/cmake --build /home/luo/rdog/ros2con_rl/build/hardware_unitree_mujoco -- -j8 -l8
[1.299s] [ 50%] [32mBuilding CXX object CMakeFiles/hardware_unitree_mujoco.dir/src/HardwareUnitree.cpp.o[0m
[5.035s] [100%] [32m[1mLinking CXX shared library libhardware_unitree_mujoco.so[0m
[5.518s] [100%] Built target hardware_unitree_mujoco
[5.539s] Invoked command in '/home/luo/rdog/ros2con_rl/build/hardware_unitree_mujoco' returned '0': CMAKE_PREFIX_PATH=${CMAKE_PREFIX_PATH}:/opt/ros/humble /usr/bin/cmake --build /home/luo/rdog/ros2con_rl/build/hardware_unitree_mujoco -- -j8 -l8
[5.539s] Invoking command in '/home/luo/rdog/ros2con_rl/build/hardware_unitree_mujoco': CMAKE_PREFIX_PATH=${CMAKE_PREFIX_PATH}:/opt/ros/humble /usr/bin/cmake --install /home/luo/rdog/ros2con_rl/build/hardware_unitree_mujoco
[5.548s] -- Install configuration: ""
[5.549s] -- Installing: /home/luo/rdog/ros2con_rl/install/hardware_unitree_mujoco/share/hardware_unitree_mujoco/HardwareUnitree.xml
[5.549s] -- Installing: /home/luo/rdog/ros2con_rl/install/hardware_unitree_mujoco/include/hardware_unitree_mujoco
[5.549s] -- Installing: /home/luo/rdog/ros2con_rl/install/hardware_unitree_mujoco/include/hardware_unitree_mujoco/hardware_unitree_mujoco
[5.549s] -- Installing: /home/luo/rdog/ros2con_rl/install/hardware_unitree_mujoco/include/hardware_unitree_mujoco/hardware_unitree_mujoco/HardwareUnitree.h
[5.549s] -- Installing: /home/luo/rdog/ros2con_rl/install/hardware_unitree_mujoco/lib/libhardware_unitree_mujoco.so
[5.556s] -- Set runtime path of "/home/luo/rdog/ros2con_rl/install/hardware_unitree_mujoco/lib/libhardware_unitree_mujoco.so" to ""
[5.556s] -- Installing: /home/luo/rdog/ros2con_rl/install/hardware_unitree_mujoco/share/hardware_unitree_mujoco/environment/library_path.sh
[5.556s] -- Installing: /home/luo/rdog/ros2con_rl/install/hardware_unitree_mujoco/share/hardware_unitree_mujoco/environment/library_path.dsv
[5.556s] -- Installing: /home/luo/rdog/ros2con_rl/install/hardware_unitree_mujoco/share/hardware_unitree_mujoco//launch
[5.556s] -- Installing: /home/luo/rdog/ros2con_rl/install/hardware_unitree_mujoco/share/hardware_unitree_mujoco//launch/visualize.launch.py
[5.557s] -- Installing: /home/luo/rdog/ros2con_rl/install/hardware_unitree_mujoco/share/ament_index/resource_index/package_run_dependencies/hardware_unitree_mujoco
[5.557s] -- Installing: /home/luo/rdog/ros2con_rl/install/hardware_unitree_mujoco/share/ament_index/resource_index/parent_prefix_path/hardware_unitree_mujoco
[5.557s] -- Installing: /home/luo/rdog/ros2con_rl/install/hardware_unitree_mujoco/share/hardware_unitree_mujoco/environment/ament_prefix_path.sh
[5.557s] -- Installing: /home/luo/rdog/ros2con_rl/install/hardware_unitree_mujoco/share/hardware_unitree_mujoco/environment/ament_prefix_path.dsv
[5.557s] -- Installing: /home/luo/rdog/ros2con_rl/install/hardware_unitree_mujoco/share/hardware_unitree_mujoco/environment/path.sh
[5.557s] -- Installing: /home/luo/rdog/ros2con_rl/install/hardware_unitree_mujoco/share/hardware_unitree_mujoco/environment/path.dsv
[5.558s] -- Installing: /home/luo/rdog/ros2con_rl/install/hardware_unitree_mujoco/share/hardware_unitree_mujoco/local_setup.bash
[5.558s] -- Installing: /home/luo/rdog/ros2con_rl/install/hardware_unitree_mujoco/share/hardware_unitree_mujoco/local_setup.sh
[5.558s] -- Installing: /home/luo/rdog/ros2con_rl/install/hardware_unitree_mujoco/share/hardware_unitree_mujoco/local_setup.zsh
[5.558s] -- Installing: /home/luo/rdog/ros2con_rl/install/hardware_unitree_mujoco/share/hardware_unitree_mujoco/local_setup.dsv
[5.558s] -- Installing: /home/luo/rdog/ros2con_rl/install/hardware_unitree_mujoco/share/hardware_unitree_mujoco/package.dsv
[5.559s] -- Installing: /home/luo/rdog/ros2con_rl/install/hardware_unitree_mujoco/share/ament_index/resource_index/packages/hardware_unitree_mujoco
[5.559s] -- Installing: /home/luo/rdog/ros2con_rl/install/hardware_unitree_mujoco/share/ament_index/resource_index/hardware_interface__pluginlib__plugin/hardware_unitree_mujoco
[5.559s] -- Installing: /home/luo/rdog/ros2con_rl/install/hardware_unitree_mujoco/share/hardware_unitree_mujoco/cmake/export_hardware_unitree_mujocoExport.cmake
[5.559s] -- Installing: /home/luo/rdog/ros2con_rl/install/hardware_unitree_mujoco/share/hardware_unitree_mujoco/cmake/export_hardware_unitree_mujocoExport-noconfig.cmake
[5.559s] -- Installing: /home/luo/rdog/ros2con_rl/install/hardware_unitree_mujoco/share/hardware_unitree_mujoco/cmake/ament_cmake_export_targets-extras.cmake
[5.559s] -- Installing: /home/luo/rdog/ros2con_rl/install/hardware_unitree_mujoco/share/hardware_unitree_mujoco/cmake/hardware_unitree_mujocoConfig.cmake
[5.559s] -- Installing: /home/luo/rdog/ros2con_rl/install/hardware_unitree_mujoco/share/hardware_unitree_mujoco/cmake/hardware_unitree_mujocoConfig-version.cmake
[5.560s] -- Installing: /home/luo/rdog/ros2con_rl/install/hardware_unitree_mujoco/share/hardware_unitree_mujoco/package.xml
[5.563s] Invoked command in '/home/luo/rdog/ros2con_rl/build/hardware_unitree_mujoco' returned '0': CMAKE_PREFIX_PATH=${CMAKE_PREFIX_PATH}:/opt/ros/humble /usr/bin/cmake --install /home/luo/rdog/ros2con_rl/build/hardware_unitree_mujoco
