[0.031s] Invoking command in '/home/luo/rdog/ros2con_rl/build/reddog_description': CMAKE_PREFIX_PATH=${CMAKE_PREFIX_PATH}:/opt/ros/humble /usr/bin/cmake /home/luo/rdog/ros2con_rl/src/reddog_description -DCMAKE_INSTALL_PREFIX=/home/luo/rdog/ros2con_rl/install/reddog_description
[0.094s] -- The C compiler identification is GNU 11.4.0
[0.178s] -- The CXX compiler identification is GNU 11.4.0
[0.187s] -- Detecting C compiler ABI info
[0.302s] -- Detecting C compiler ABI info - done
[0.310s] -- Check for working C compiler: /usr/bin/cc - skipped
[0.310s] -- Detecting C compile features
[0.310s] -- Detecting C compile features - done
[0.311s] -- Detecting CXX compiler ABI info
[0.431s] -- Detecting CXX compiler ABI info - done
[0.440s] -- Check for working CXX compiler: /usr/bin/c++ - skipped
[0.445s] -- Detecting CXX compile features
[0.453s] -- Detecting CXX compile features - done
[0.461s] -- Found ament_cmake: 1.3.11 (/opt/ros/humble/share/ament_cmake/cmake)
[0.588s] -- Found Python3: /usr/bin/python3 (found version "3.10.12") found components: Interpreter 
[0.690s] -- Configuring done
[0.693s] -- Generating done
[0.695s] -- Build files have been written to: /home/luo/rdog/ros2con_rl/build/reddog_description
[0.700s] Invoked command in '/home/luo/rdog/ros2con_rl/build/reddog_description' returned '0': CMAKE_PREFIX_PATH=${CMAKE_PREFIX_PATH}:/opt/ros/humble /usr/bin/cmake /home/luo/rdog/ros2con_rl/src/reddog_description -DCMAKE_INSTALL_PREFIX=/home/luo/rdog/ros2con_rl/install/reddog_description
[0.701s] Invoking command in '/home/luo/rdog/ros2con_rl/build/reddog_description': CMAKE_PREFIX_PATH=${CMAKE_PREFIX_PATH}:/opt/ros/humble /usr/bin/cmake --build /home/luo/rdog/ros2con_rl/build/reddog_description -- -j8 -l8
[0.753s] Invoked command in '/home/luo/rdog/ros2con_rl/build/reddog_description' returned '0': CMAKE_PREFIX_PATH=${CMAKE_PREFIX_PATH}:/opt/ros/humble /usr/bin/cmake --build /home/luo/rdog/ros2con_rl/build/reddog_description -- -j8 -l8
[0.764s] Invoking command in '/home/luo/rdog/ros2con_rl/build/reddog_description': CMAKE_PREFIX_PATH=${CMAKE_PREFIX_PATH}:/opt/ros/humble /usr/bin/cmake --install /home/luo/rdog/ros2con_rl/build/reddog_description
[0.770s] -- Install configuration: ""
[0.770s] -- Installing: /home/luo/rdog/ros2con_rl/install/reddog_description/share/reddog_description//meshes
[0.773s] -- Installing: /home/luo/rdog/ros2con_rl/install/reddog_description/share/reddog_description//meshes/RL_foot.STL
[0.773s] -- Installing: /home/luo/rdog/ros2con_rl/install/reddog_description/share/reddog_description//meshes/RL_calf.STL
[0.773s] -- Installing: /home/luo/rdog/ros2con_rl/install/reddog_description/share/reddog_description//meshes/RR_thigh.STL
[0.780s] -- Installing: /home/luo/rdog/ros2con_rl/install/reddog_description/share/reddog_description//meshes/RR_hip.STL
[0.788s] -- Installing: /home/luo/rdog/ros2con_rl/install/reddog_description/share/reddog_description//meshes/FL_thigh.STL
[0.797s] -- Installing: /home/luo/rdog/ros2con_rl/install/reddog_description/share/reddog_description//meshes/FR_calf.STL
[0.797s] -- Installing: /home/luo/rdog/ros2con_rl/install/reddog_description/share/reddog_description//meshes/FR_thigh.STL
[0.805s] -- Installing: /home/luo/rdog/ros2con_rl/install/reddog_description/share/reddog_description//meshes/FL_calf.STL
[0.805s] -- Installing: /home/luo/rdog/ros2con_rl/install/reddog_description/share/reddog_description//meshes/FL_foot.STL
[0.806s] -- Installing: /home/luo/rdog/ros2con_rl/install/reddog_description/share/reddog_description//meshes/RL_thigh.STL
[0.812s] -- Installing: /home/luo/rdog/ros2con_rl/install/reddog_description/share/reddog_description//meshes/RR_calf.STL
[0.813s] -- Installing: /home/luo/rdog/ros2con_rl/install/reddog_description/share/reddog_description//meshes/FL_hip.STL
[0.820s] -- Installing: /home/luo/rdog/ros2con_rl/install/reddog_description/share/reddog_description//meshes/RL_hip.STL
[0.831s] -- Installing: /home/luo/rdog/ros2con_rl/install/reddog_description/share/reddog_description//meshes/FR_hip.STL
[0.838s] -- Installing: /home/luo/rdog/ros2con_rl/install/reddog_description/share/reddog_description//meshes/base.STL
[0.867s] -- Installing: /home/luo/rdog/ros2con_rl/install/reddog_description/share/reddog_description//meshes/RR_foot.STL
[0.867s] -- Installing: /home/luo/rdog/ros2con_rl/install/reddog_description/share/reddog_description//meshes/FR_foot.STL
[0.867s] -- Installing: /home/luo/rdog/ros2con_rl/install/reddog_description/share/reddog_description//xacro
[0.867s] -- Installing: /home/luo/rdog/ros2con_rl/install/reddog_description/share/reddog_description//xacro/robot.xacro
[0.868s] -- Installing: /home/luo/rdog/ros2con_rl/install/reddog_description/share/reddog_description//launch
[0.868s] -- Installing: /home/luo/rdog/ros2con_rl/install/reddog_description/share/reddog_description//launch/gazebo.launch
[0.868s] -- Installing: /home/luo/rdog/ros2con_rl/install/reddog_description/share/reddog_description//launch/display.launch
[0.868s] -- Installing: /home/luo/rdog/ros2con_rl/install/reddog_description/share/reddog_description//config
[0.868s] -- Installing: /home/luo/rdog/ros2con_rl/install/reddog_description/share/reddog_description//config/robot_control.yaml
[0.868s] -- Installing: /home/luo/rdog/ros2con_rl/install/reddog_description/share/reddog_description//config/legged_gym
[0.868s] -- Installing: /home/luo/rdog/ros2con_rl/install/reddog_description/share/reddog_description//config/legged_gym/reddog_him.yaml
[0.869s] -- Installing: /home/luo/rdog/ros2con_rl/install/reddog_description/share/reddog_description//config/legged_gym/policy_him2.pt
[0.870s] -- Installing: /home/luo/rdog/ros2con_rl/install/reddog_description/share/reddog_description//config/ocs2
[0.871s] -- Installing: /home/luo/rdog/ros2con_rl/install/reddog_description/share/reddog_description//config/ocs2/gait.info
[0.872s] -- Installing: /home/luo/rdog/ros2con_rl/install/reddog_description/share/reddog_description//config/ocs2/reference.info
[0.872s] -- Installing: /home/luo/rdog/ros2con_rl/install/reddog_description/share/reddog_description//config/ocs2/task.info
[0.872s] -- Installing: /home/luo/rdog/ros2con_rl/install/reddog_description/share/reddog_description//config/visualize_urdf.rviz
[0.872s] -- Installing: /home/luo/rdog/ros2con_rl/install/reddog_description/share/reddog_description//urdf
[0.872s] -- Installing: /home/luo/rdog/ros2con_rl/install/reddog_description/share/reddog_description//urdf/reddog_20250221.csv
[0.872s] -- Installing: /home/luo/rdog/ros2con_rl/install/reddog_description/share/reddog_description//urdf/robot.urdf
[0.872s] -- Installing: /home/luo/rdog/ros2con_rl/install/reddog_description/share/ament_index/resource_index/package_run_dependencies/reddog_description
[0.872s] -- Installing: /home/luo/rdog/ros2con_rl/install/reddog_description/share/ament_index/resource_index/parent_prefix_path/reddog_description
[0.872s] -- Installing: /home/luo/rdog/ros2con_rl/install/reddog_description/share/reddog_description/environment/ament_prefix_path.sh
[0.872s] -- Installing: /home/luo/rdog/ros2con_rl/install/reddog_description/share/reddog_description/environment/ament_prefix_path.dsv
[0.873s] -- Installing: /home/luo/rdog/ros2con_rl/install/reddog_description/share/reddog_description/environment/path.sh
[0.873s] -- Installing: /home/luo/rdog/ros2con_rl/install/reddog_description/share/reddog_description/environment/path.dsv
[0.873s] -- Installing: /home/luo/rdog/ros2con_rl/install/reddog_description/share/reddog_description/local_setup.bash
[0.873s] -- Installing: /home/luo/rdog/ros2con_rl/install/reddog_description/share/reddog_description/local_setup.sh
[0.873s] -- Installing: /home/luo/rdog/ros2con_rl/install/reddog_description/share/reddog_description/local_setup.zsh
[0.874s] -- Installing: /home/luo/rdog/ros2con_rl/install/reddog_description/share/reddog_description/local_setup.dsv
[0.874s] -- Installing: /home/luo/rdog/ros2con_rl/install/reddog_description/share/reddog_description/package.dsv
[0.874s] -- Installing: /home/luo/rdog/ros2con_rl/install/reddog_description/share/ament_index/resource_index/packages/reddog_description
[0.874s] -- Installing: /home/luo/rdog/ros2con_rl/install/reddog_description/share/reddog_description/cmake/reddog_descriptionConfig.cmake
[0.874s] -- Installing: /home/luo/rdog/ros2con_rl/install/reddog_description/share/reddog_description/cmake/reddog_descriptionConfig-version.cmake
[0.874s] -- Installing: /home/luo/rdog/ros2con_rl/install/reddog_description/share/reddog_description/package.xml
[0.878s] Invoked command in '/home/luo/rdog/ros2con_rl/build/reddog_description' returned '0': CMAKE_PREFIX_PATH=${CMAKE_PREFIX_PATH}:/opt/ros/humble /usr/bin/cmake --install /home/luo/rdog/ros2con_rl/build/reddog_description
